
[ 2022-12-14 18:30:48 ]      Running parallel version: MPI: src/mpi.cpp
[ 2022-12-14 18:30:48 ]      [   Init   ]    |    Queue & Lock  (#threads: 4)

[ 2022-12-14 18:30:48 ]      Running parallel version: MPI: src/mpi.cpp
[ 2022-12-14 18:30:48 ]      [   Init   ]    |    Queue & Lock  (#threads: 4)

[ 2022-12-14 18:30:48 ]      Running parallel version: MPI: src/mpi.cpp
[ 2022-12-14 18:30:48 ]      [   Init   ]    |    Queue & Lock  (#threads: 4)

[ 2022-12-14 18:30:48 ]      Running parallel version: MPI: src/mpi.cpp
[ 2022-12-14 18:30:48 ]      [  Parse  ]    |    Put: reader -> mapper
[ 2022-12-14 18:30:48 ]      Parse: ./data/1.txt
[ 2022-12-14 18:30:48 ]      [  Parse  ]    |    Put: reader -> mapper
[ 2022-12-14 18:30:48 ]      Parse: ./data/2.txt
[ 2022-12-14 18:30:48 ]      Parse: ./data/5.txt
[ 2022-12-14 18:30:48 ]      Parse: ./data/3.txt
[ 2022-12-14 18:30:48 ]      [  Parse  ]    |    Put: reader -> mapper
[ 2022-12-14 18:30:48 ]      Parse: ./data/13.txt
[ 2022-12-14 18:30:48 ]      Parse: ./data/14.txt
[ 2022-12-14 18:30:48 ]      [   Init   ]    |    Queue & Lock  (#threads: 4)
[ 2022-12-14 18:30:48 ]      [  Parse  ]    |    Put: reader -> mapper
[ 2022-12-14 18:30:48 ]      Parse: ./data/9.txt
[ 2022-12-14 18:30:48 ]      Parse: ./data/15.txt
[ 2022-12-14 18:30:48 ]      [ Combine ]    |    Put: mapper -> reducer
[ 2022-12-14 18:30:48 ]      [  Count  ]    |    Get: reducer
[ 2022-12-14 18:30:48 ]      Parse: ./data/4.txt
[ 2022-12-14 18:30:48 ]      Parse: ./data/6.txt
[ 2022-12-14 18:30:48 ]      [ Combine ]    |    Put: mapper -> reducer
                                   (total @ Final)  |      240983
[ 2022-12-14 18:30:48 ]      Init (Serial)      : 0.092744
[ 2022-12-14 18:30:48 ]      MapReduce (Serial) : 0.161501
[ 2022-12-14 18:30:48 ]      Parse: ./data/10.txt
[ 2022-12-14 18:30:48 ]      Parse: ./data/11.txt
[ 2022-12-14 18:30:48 ]      Parse: ./data/7.txt
[ 2022-12-14 18:30:48 ]      Parse: ./data/8.txt
[ 2022-12-14 18:30:48 ]      [ Combine ]    |    Put: mapper -> reducer
[ 2022-12-14 18:30:48 ]      Parse: ./data/12.txt
[ 2022-12-14 18:30:48 ]      [ Combine ]    |    Put: mapper -> reducer
[ 2022-12-14 18:30:49 ]      [  Count  ]    |    Get: reducer
[ 2022-12-14 18:30:49 ]      [  Count  ]    |    Get: reducer
[ 2022-12-14 18:30:49 ]      [  Count  ]    |    Get: reducer
                                   (total @ Final)  |      628533
[ 2022-12-14 18:30:49 ]      Init (Serial)      : 0.235286
[ 2022-12-14 18:30:49 ]      MapReduce (Serial) : 0.486098
                                   (total @ Final)  |      585221
[ 2022-12-14 18:30:49 ]      Init (Serial)      : 0.358732
[ 2022-12-14 18:30:49 ]      MapReduce (Serial) : 0.452912
                                   (total @ Final)  |      842403
[ 2022-12-14 18:30:49 ]      Init (Serial)      : 0.332987
[ 2022-12-14 18:30:49 ]      MapReduce (Serial) : 0.676280
