python3 receiver.py ../../TestConfig/config4.ini

2021-11-03 14:04:04.547230     |     Receiver Alive
2021-11-03 14:04:06.416621     |     Receive Packet: 1
2021-11-03 14:04:06.416975     |     Send ACK: 1
2021-11-03 14:04:06.417021     |     Gap: [0]
2021-11-03 14:04:06.420154     |     Receive Packet: 2
2021-11-03 14:04:06.420391     |     Send ACK: 2
2021-11-03 14:04:06.420422     |     Gap: [0]
2021-11-03 14:04:06.425429     |     Receive Packet: 3
2021-11-03 14:04:06.425684     |     Send ACK: 3
2021-11-03 14:04:06.425717     |     Gap: [0]
2021-11-03 14:04:06.430972     |     Receive Packet: 4
2021-11-03 14:04:06.431245     |     Send ACK: 4
2021-11-03 14:04:06.431290     |     Gap: [0]
2021-11-03 14:04:06.436607     |     Receive Packet: 5
2021-11-03 14:04:06.437049     |     Send ACK: 5
2021-11-03 14:04:06.437112     |     Gap: [0]
2021-11-03 14:04:06.441983     |     Receive Packet: 6
2021-11-03 14:04:06.442240     |     Send ACK: 6
2021-11-03 14:04:06.442276     |     Gap: [0]
2021-11-03 14:04:06.447556     |     Receive Packet: 7
2021-11-03 14:04:06.447929     |     Send ACK: 7
2021-11-03 14:04:06.447963     |     Gap: [0]
2021-11-03 14:04:06.452969     |     Receive Packet: 8
2021-11-03 14:04:06.453311     |     Send ACK: 8
2021-11-03 14:04:06.453379     |     Gap: [0]
2021-11-03 14:04:06.458424     |     Receive Packet: 9
2021-11-03 14:04:06.458719     |     Send ACK: 9
2021-11-03 14:04:06.458785     |     Gap: [0]
2021-11-03 14:04:06.464368     |     Receive Packet: 10
2021-11-03 14:04:06.464653     |     Send ACK: 10
2021-11-03 14:04:06.464685     |     Gap: [0]
2021-11-03 14:04:06.469277     |     Receive Packet: 11
2021-11-03 14:04:06.469503     |     Send ACK: 11
2021-11-03 14:04:06.469535     |     Gap: [0]
2021-11-03 14:04:06.474736     |     Receive Packet: 12
2021-11-03 14:04:06.474969     |     Send ACK: 12
2021-11-03 14:04:06.475006     |     Gap: [0]
2021-11-03 14:04:06.480256     |     Receive Packet: 13
2021-11-03 14:04:06.480521     |     Send ACK: 13
2021-11-03 14:04:06.480575     |     Gap: [0]
2021-11-03 14:04:06.485793     |     Receive Packet: 14
2021-11-03 14:04:06.486150     |     Send ACK: 14
2021-11-03 14:04:06.486197     |     Gap: [0]
2021-11-03 14:04:06.494300     |     Receive Packet: 16
2021-11-03 14:04:06.494581     |     Send ACK: 16
2021-11-03 14:04:06.494616     |     Gap: [0, 15]
2021-11-03 14:04:06.496376     |     Receive Packet: 17
2021-11-03 14:04:06.496870     |     Send ACK: 17
2021-11-03 14:04:06.497034     |     Gap: [0, 15]
2021-11-03 14:04:06.501772     |     Receive Packet: 18
2021-11-03 14:04:06.502042     |     Send ACK: 18
2021-11-03 14:04:06.502090     |     Gap: [0, 15]
2021-11-03 14:04:06.507094     |     Receive Packet: 19
2021-11-03 14:04:06.507554     |     Send ACK: 19
2021-11-03 14:04:06.507590     |     Gap: [0, 15]
2021-11-03 14:04:06.513523     |     Receive Packet: 20
2021-11-03 14:04:06.514229     |     Send ACK: 20
2021-11-03 14:04:06.514284     |     Gap: [0, 15]
2021-11-03 14:04:06.517880     |     Receive Packet: 21
2021-11-03 14:04:06.518166     |     Send ACK: 21
2021-11-03 14:04:06.518337     |     Gap: [0, 15]
2021-11-03 14:04:06.523462     |     Receive Packet: 22
2021-11-03 14:04:06.523807     |     Send ACK: 22
2021-11-03 14:04:06.523842     |     Gap: [0, 15]
2021-11-03 14:04:06.538230     |     Receive Packet: 24
2021-11-03 14:04:06.538639     |     Send ACK: 24
2021-11-03 14:04:06.538682     |     Gap: [0, 15, 23]
2021-11-03 14:04:06.538722     |     Receive Packet: 25
2021-11-03 14:04:06.538965     |     Send ACK: 25
2021-11-03 14:04:06.539015     |     Gap: [0, 15, 23]
2021-11-03 14:04:06.543620     |     Receive Packet: 26
2021-11-03 14:04:06.544109     |     Send ACK: 26
2021-11-03 14:04:06.544185     |     Gap: [0, 15, 23]
2021-11-03 14:04:06.548503     |     Receive Packet: 27
2021-11-03 14:04:06.548898     |     Send ACK: 27
2021-11-03 14:04:06.548954     |     Gap: [0, 15, 23]
2021-11-03 14:04:06.553752     |     Receive Packet: 28
2021-11-03 14:04:06.554013     |     Send ACK: 28
2021-11-03 14:04:06.554066     |     Gap: [0, 15, 23]
2021-11-03 14:04:06.558988     |     Receive Packet: 29
2021-11-03 14:04:06.559224     |     Send ACK: 29
2021-11-03 14:04:06.559282     |     Gap: [0, 15, 23]
2021-11-03 14:04:06.565385     |     Receive Packet: 30
2021-11-03 14:04:06.565812     |     Send ACK: 30
2021-11-03 14:04:06.565852     |     Gap: [0, 15, 23]
2021-11-03 14:04:06.570597     |     Receive Packet: 31
2021-11-03 14:04:06.571191     |     Send ACK: 31
2021-11-03 14:04:06.571240     |     Gap: [0, 15, 23]
2021-11-03 14:04:06.575236     |     Receive Packet: 32
2021-11-03 14:04:06.575488     |     Send ACK: 32
2021-11-03 14:04:06.575523     |     Gap: [0, 15, 23]
2021-11-03 14:04:06.581972     |     Receive Packet: 33
2021-11-03 14:04:06.583106     |     Send ACK: 33
2021-11-03 14:04:06.583161     |     Gap: [0, 15, 23]
2021-11-03 14:04:06.585999     |     Receive Packet: 34
2021-11-03 14:04:06.586781     |     Send ACK: 34
2021-11-03 14:04:06.586859     |     Gap: [0, 15, 23]
2021-11-03 14:04:06.590652     |     Receive Packet: 35
2021-11-03 14:04:06.590974     |     Send ACK: 35
2021-11-03 14:04:06.591042     |     Gap: [0, 15, 23]
2021-11-03 14:04:06.595989     |     Receive Packet: 36
2021-11-03 14:04:06.596541     |     Send ACK: 36
2021-11-03 14:04:06.596611     |     Gap: [0, 15, 23]
2021-11-03 14:04:06.601200     |     Receive Packet: 37
2021-11-03 14:04:06.601702     |     Send ACK: 37
2021-11-03 14:04:06.601760     |     Gap: [0, 15, 23]
2021-11-03 14:04:06.606334     |     Receive Packet: 38
2021-11-03 14:04:06.606577     |     Send ACK: 38
2021-11-03 14:04:06.606624     |     Gap: [0, 15, 23]
2021-11-03 14:04:06.611590     |     Receive Packet: 39
2021-11-03 14:04:06.612014     |     Send ACK: 39
2021-11-03 14:04:06.612205     |     Gap: [0, 15, 23]
2021-11-03 14:04:06.623217     |     Receive Packet: S
2021-11-03 14:04:06.623247     |     Receive Sync Packet: S|b'0'
2021-11-03 14:04:06.623265     |     Send Sync Packet: b'S|0||0'
2021-11-03 14:04:06.623589     |     Receive Packet: 40
2021-11-03 14:04:06.623813     |     Send ACK: 40
2021-11-03 14:04:06.623862     |     Gap: [0, 15, 23]
2021-11-03 14:04:06.628545     |     Receive Packet: 41
2021-11-03 14:04:06.628908     |     Send ACK: 41
2021-11-03 14:04:06.628950     |     Gap: [0, 15, 23]
2021-11-03 14:04:06.634036     |     Receive Packet: 42
2021-11-03 14:04:06.634528     |     Send ACK: 42
2021-11-03 14:04:06.634612     |     Gap: [0, 15, 23]
2021-11-03 14:04:06.643477     |     Receive Packet: S
2021-11-03 14:04:06.643520     |     Receive Sync Packet: S|b'3'
2021-11-03 14:04:06.643537     |     Send Sync Packet: b'S|3||'
2021-11-03 14:04:06.643903     |     Receive Packet: 43
2021-11-03 14:04:06.644171     |     Send ACK: 43
2021-11-03 14:04:06.644219     |     Gap: [0, 15, 23]
2021-11-03 14:04:06.648777     |     Receive Packet: 44
2021-11-03 14:04:06.649050     |     Send ACK: 44
2021-11-03 14:04:06.649114     |     Gap: [0, 15, 23]
2021-11-03 14:04:06.653949     |     Receive Packet: 45
2021-11-03 14:04:06.654212     |     Send ACK: 45
2021-11-03 14:04:06.654271     |     Gap: [0, 15, 23]
2021-11-03 14:04:06.659113     |     Receive Packet: 46
2021-11-03 14:04:06.659362     |     Send ACK: 46
2021-11-03 14:04:06.659395     |     Gap: [0, 15, 23]
2021-11-03 14:04:06.664837     |     Receive Packet: 47
2021-11-03 14:04:06.665174     |     Send ACK: 47
2021-11-03 14:04:06.665216     |     Gap: [0, 15, 23]
2021-11-03 14:04:06.669990     |     Receive Packet: 48
2021-11-03 14:04:06.670239     |     Send ACK: 48
2021-11-03 14:04:06.670277     |     Gap: [0, 15, 23]
2021-11-03 14:04:06.674811     |     Receive Packet: 49
2021-11-03 14:04:06.675139     |     Send ACK: 49
2021-11-03 14:04:06.675177     |     Gap: [0, 15, 23]
2021-11-03 14:04:06.681248     |     Receive Packet: 50
2021-11-03 14:04:06.682091     |     Send ACK: 50
2021-11-03 14:04:06.682143     |     Gap: [0, 15, 23]
2021-11-03 14:04:06.685437     |     Receive Packet: 51
2021-11-03 14:04:06.685888     |     Send ACK: 51
2021-11-03 14:04:06.685992     |     Gap: [0, 15, 23]
2021-11-03 14:04:06.690693     |     Receive Packet: 52
2021-11-03 14:04:06.691092     |     Send ACK: 52
2021-11-03 14:04:06.691151     |     Gap: [0, 15, 23]
2021-11-03 14:04:06.696973     |     Receive Packet: 53
2021-11-03 14:04:06.697702     |     Send ACK: 53
2021-11-03 14:04:06.697781     |     Gap: [0, 15, 23]
2021-11-03 14:04:06.701327     |     Receive Packet: 54
2021-11-03 14:04:06.702319     |     Send ACK: 54
2021-11-03 14:04:06.702368     |     Gap: [0, 15, 23]
2021-11-03 14:04:06.706362     |     Receive Packet: S
2021-11-03 14:04:06.706399     |     Receive Sync Packet: S|b'15'
2021-11-03 14:04:06.706419     |     Send Sync Packet: b'S|15||15'
2021-11-03 14:04:06.706854     |     Receive Packet: 55
2021-11-03 14:04:06.707236     |     Send ACK: 55
2021-11-03 14:04:06.707291     |     Gap: [0, 15, 23]
2021-11-03 14:04:06.716507     |     Receive Packet: 57
2021-11-03 14:04:06.717285     |     Send ACK: 57
2021-11-03 14:04:06.717377     |     Gap: [0, 15, 23, 56]
2021-11-03 14:04:06.717453     |     Receive Packet: 58
2021-11-03 14:04:06.718217     |     Send ACK: 58
2021-11-03 14:04:06.718274     |     Gap: [0, 15, 23, 56]
2021-11-03 14:04:06.721941     |     Receive Packet: 59
2021-11-03 14:04:06.722375     |     Send ACK: 59
2021-11-03 14:04:06.722421     |     Gap: [0, 15, 23, 56]
2021-11-03 14:04:06.727099     |     Receive Packet: 60
2021-11-03 14:04:06.727415     |     Send ACK: 60
2021-11-03 14:04:06.727474     |     Gap: [0, 15, 23, 56]
2021-11-03 14:04:06.732452     |     Receive Packet: 61
2021-11-03 14:04:06.732902     |     Send ACK: 61
2021-11-03 14:04:06.733022     |     Gap: [0, 15, 23, 56]
2021-11-03 14:04:06.737587     |     Receive Packet: 62
2021-11-03 14:04:06.737939     |     Send ACK: 62
2021-11-03 14:04:06.738004     |     Gap: [0, 15, 23, 56]
2021-11-03 14:04:06.743720     |     Receive Packet: S
2021-11-03 14:04:06.743757     |     Receive Sync Packet: S|b'23'
2021-11-03 14:04:06.743800     |     Send Sync Packet: b'S|23||23'
2021-11-03 14:04:06.744401     |     Receive Packet: 63
2021-11-03 14:04:06.747561     |     Send ACK: 63
2021-11-03 14:04:06.747708     |     Gap: [0, 15, 23, 56]
2021-11-03 14:04:06.748730     |     Receive Packet: 64
2021-11-03 14:04:06.749032     |     Send ACK: 64
2021-11-03 14:04:06.749074     |     Gap: [0, 15, 23, 56]
2021-11-03 14:04:06.754070     |     Receive Packet: 65
2021-11-03 14:04:06.754498     |     Send ACK: 65
2021-11-03 14:04:06.754554     |     Gap: [0, 15, 23, 56]
2021-11-03 14:04:06.759175     |     Receive Packet: 66
2021-11-03 14:04:06.759437     |     Send ACK: 66
2021-11-03 14:04:06.759492     |     Gap: [0, 15, 23, 56]
2021-11-03 14:04:06.766698     |     Receive Packet: 67
2021-11-03 14:04:06.767530     |     Send ACK: 67
2021-11-03 14:04:06.767617     |     Gap: [0, 15, 23, 56]
2021-11-03 14:04:06.770323     |     Receive Packet: 68
2021-11-03 14:04:06.770653     |     Send ACK: 68
2021-11-03 14:04:06.770693     |     Gap: [0, 15, 23, 56]
2021-11-03 14:04:06.783231     |     Receive Packet: 69
2021-11-03 14:04:06.783591     |     Send ACK: 69
2021-11-03 14:04:06.783671     |     Gap: [0, 15, 23, 56]
2021-11-03 14:04:06.787910     |     Receive Packet: 70
2021-11-03 14:04:06.788227     |     Send ACK: 70
2021-11-03 14:04:06.788292     |     Gap: [0, 15, 23, 56]
2021-11-03 14:04:06.792961     |     Receive Packet: 71
2021-11-03 14:04:06.793190     |     Send ACK: 71
2021-11-03 14:04:06.793236     |     Gap: [0, 15, 23, 56]
2021-11-03 14:04:06.798545     |     Receive Packet: 72
2021-11-03 14:04:06.798915     |     Send ACK: 72
2021-11-03 14:04:06.798962     |     Gap: [0, 15, 23, 56]
2021-11-03 14:04:06.803496     |     Receive Packet: 73
2021-11-03 14:04:06.803896     |     Send ACK: 73
2021-11-03 14:04:06.803951     |     Gap: [0, 15, 23, 56]
2021-11-03 14:04:06.808716     |     Receive Packet: 74
2021-11-03 14:04:06.808931     |     Send ACK: 74
2021-11-03 14:04:06.808972     |     Gap: [0, 15, 23, 56]
2021-11-03 14:04:06.814122     |     Receive Packet: 75
2021-11-03 14:04:06.814419     |     Send ACK: 75
2021-11-03 14:04:06.814483     |     Gap: [0, 15, 23, 56]
2021-11-03 14:04:06.819214     |     Receive Packet: 76
2021-11-03 14:04:06.819487     |     Send ACK: 76
2021-11-03 14:04:06.819549     |     Gap: [0, 15, 23, 56]
2021-11-03 14:04:06.824473     |     Receive Packet: 77
2021-11-03 14:04:06.824769     |     Send ACK: 77
2021-11-03 14:04:06.824821     |     Gap: [0, 15, 23, 56]
2021-11-03 14:04:06.830734     |     Receive Packet: 78
2021-11-03 14:04:06.831527     |     Send ACK: 78
2021-11-03 14:04:06.831580     |     Gap: [0, 15, 23, 56]
2021-11-03 14:04:06.837199     |     Receive Packet: 79
2021-11-03 14:04:06.837516     |     Send ACK: 79
2021-11-03 14:04:06.837561     |     Gap: [0, 15, 23, 56]
2021-11-03 14:04:06.841251     |     Receive Packet: 0          *****
2021-11-03 14:04:06.841486     |     Send ACK: 0
2021-11-03 14:04:06.841522     |     Gap: [15, 23, 56]
2021-11-03 14:04:06.846714     |     Receive Packet: 80
2021-11-03 14:04:06.847646     |     Send ACK: 80
2021-11-03 14:04:06.847869     |     Gap: [15, 23, 56]
2021-11-03 14:04:06.851971     |     Receive Packet: 81
2021-11-03 14:04:06.852339     |     Send ACK: 81
2021-11-03 14:04:06.852390     |     Gap: [15, 23, 56]
2021-11-03 14:04:06.857337     |     Receive Packet: 82
2021-11-03 14:04:06.858157     |     Send ACK: 82
2021-11-03 14:04:06.858200     |     Gap: [15, 23, 56]
2021-11-03 14:04:06.862323     |     Receive Packet: 83
2021-11-03 14:04:06.862892     |     Send ACK: 83
2021-11-03 14:04:06.863092     |     Gap: [15, 23, 56]
2021-11-03 14:04:06.871453     |     Receive Packet: 85
2021-11-03 14:04:06.871745     |     Send ACK: 85
2021-11-03 14:04:06.871807     |     Gap: [15, 23, 56, 84]
2021-11-03 14:04:06.874790     |     Receive Packet: 86
2021-11-03 14:04:06.875122     |     Send ACK: 86
2021-11-03 14:04:06.875183     |     Gap: [15, 23, 56, 84]
2021-11-03 14:04:06.879612     |     Receive Packet: 87
2021-11-03 14:04:06.880198     |     Send ACK: 87
2021-11-03 14:04:06.880267     |     Gap: [15, 23, 56, 84]
2021-11-03 14:04:06.885986     |     Receive Packet: S
2021-11-03 14:04:06.886051     |     Receive Sync Packet: S|b'48'
2021-11-03 14:04:06.886077     |     Send Sync Packet: b'S|48||'
2021-11-03 14:04:06.889375     |     Receive Packet: 89
2021-11-03 14:04:06.889697     |     Send ACK: 89
2021-11-03 14:04:06.889751     |     Gap: [15, 23, 56, 84, 88]
2021-11-03 14:04:06.890987     |     Receive Packet: 90
2021-11-03 14:04:06.891190     |     Send ACK: 90
2021-11-03 14:04:06.891237     |     Gap: [15, 23, 56, 84, 88]
2021-11-03 14:04:06.896810     |     Receive Packet: 91
2021-11-03 14:04:06.897844     |     Send ACK: 91
2021-11-03 14:04:06.897925     |     Gap: [15, 23, 56, 84, 88]
2021-11-03 14:04:06.901679     |     Receive Packet: 92
2021-11-03 14:04:06.902239     |     Send ACK: 92
2021-11-03 14:04:06.902306     |     Gap: [15, 23, 56, 84, 88]
2021-11-03 14:04:06.906730     |     Receive Packet: 93
2021-11-03 14:04:06.906963     |     Send ACK: 93
2021-11-03 14:04:06.907016     |     Gap: [15, 23, 56, 84, 88]
2021-11-03 14:04:06.912479     |     Receive Packet: 94
2021-11-03 14:04:06.913291     |     Send ACK: 94
2021-11-03 14:04:06.913348     |     Gap: [15, 23, 56, 84, 88]
2021-11-03 14:04:06.917246     |     Receive Packet: 15         *****
2021-11-03 14:04:06.917506     |     Send ACK: 15
2021-11-03 14:04:06.917554     |     Gap: [23, 56, 84, 88]
2021-11-03 14:04:06.922427     |     Receive Packet: 95
2021-11-03 14:04:06.922662     |     Send ACK: 95
2021-11-03 14:04:06.922704     |     Gap: [23, 56, 84, 88]
2021-11-03 14:04:06.927431     |     Receive Packet: S
2021-11-03 14:04:06.927461     |     Receive Sync Packet: S|b'56'
2021-11-03 14:04:06.927504     |     Send Sync Packet: b'S|56||56'
2021-11-03 14:04:06.927878     |     Receive Packet: 96
2021-11-03 14:04:06.928194     |     Send ACK: 96
2021-11-03 14:04:06.928811     |     Gap: [23, 56, 84, 88]
2021-11-03 14:04:06.933263     |     Receive Packet: 97
2021-11-03 14:04:06.933938     |     Send ACK: 97
2021-11-03 14:04:06.934034     |     Gap: [23, 56, 84, 88]
2021-11-03 14:04:06.937998     |     Receive Packet: 98
2021-11-03 14:04:06.938272     |     Send ACK: 98
2021-11-03 14:04:06.938319     |     Gap: [23, 56, 84, 88]
2021-11-03 14:04:06.943273     |     Receive Packet: 99
2021-11-03 14:04:06.943578     |     Send ACK: 99
2021-11-03 14:04:06.943644     |     Gap: [23, 56, 84, 88]
2021-11-03 14:04:06.948829     |     Receive Packet: 100
2021-11-03 14:04:06.949107     |     Send ACK: 100
2021-11-03 14:04:06.949199     |     Gap: [23, 56, 84, 88]
2021-11-03 14:04:06.953865     |     Receive Packet: 101
2021-11-03 14:04:06.954201     |     Send ACK: 101
2021-11-03 14:04:06.954259     |     Gap: [23, 56, 84, 88]
2021-11-03 14:04:06.959184     |     Receive Packet: 102
2021-11-03 14:04:06.959560     |     Send ACK: 102
2021-11-03 14:04:06.959606     |     Gap: [23, 56, 84, 88]
2021-11-03 14:04:06.964917     |     Receive Packet: 23         *****
2021-11-03 14:04:06.965614     |     Send ACK: 23
2021-11-03 14:04:06.965709     |     Gap: [56, 84, 88]
2021-11-03 14:04:06.969714     |     Receive Packet: 103
2021-11-03 14:04:06.970034     |     Send ACK: 103
2021-11-03 14:04:06.970094     |     Gap: [56, 84, 88]
2021-11-03 14:04:06.974613     |     Receive Packet: 104
2021-11-03 14:04:06.974844     |     Send ACK: 104
2021-11-03 14:04:06.974889     |     Gap: [56, 84, 88]
2021-11-03 14:04:06.980179     |     Receive Packet: 105
2021-11-03 14:04:06.980877     |     Send ACK: 105
2021-11-03 14:04:06.980934     |     Gap: [56, 84, 88]
2021-11-03 14:04:06.985349     |     Receive Packet: 106
2021-11-03 14:04:06.985755     |     Send ACK: 106
2021-11-03 14:04:06.985806     |     Gap: [56, 84, 88]
2021-11-03 14:04:06.990727     |     Receive Packet: S
2021-11-03 14:04:06.990776     |     Receive Sync Packet: S|b'67'
2021-11-03 14:04:06.990794     |     Send Sync Packet: b'S|67||'
2021-11-03 14:04:06.991452     |     Receive Packet: 107
2021-11-03 14:04:06.991809     |     Send ACK: 107
2021-11-03 14:04:06.991861     |     Gap: [56, 84, 88]
2021-11-03 14:04:06.995891     |     Receive Packet: 108
2021-11-03 14:04:06.996373     |     Send ACK: 108
2021-11-03 14:04:06.996461     |     Gap: [56, 84, 88]
2021-11-03 14:04:07.001502     |     Receive Packet: 109
2021-11-03 14:04:07.003218     |     Send ACK: 109
2021-11-03 14:04:07.003305     |     Gap: [56, 84, 88]
2021-11-03 14:04:07.006215     |     Receive Packet: 110
2021-11-03 14:04:07.006529     |     Send ACK: 110
2021-11-03 14:04:07.006574     |     Gap: [56, 84, 88]
2021-11-03 14:04:07.011410     |     Receive Packet: 111
2021-11-03 14:04:07.011680     |     Send ACK: 111
2021-11-03 14:04:07.011826     |     Gap: [56, 84, 88]
2021-11-03 14:04:07.017485     |     Receive Packet: 112
2021-11-03 14:04:07.018163     |     Send ACK: 112
2021-11-03 14:04:07.018317     |     Gap: [56, 84, 88]
2021-11-03 14:04:07.021885     |     Receive Packet: 113
2021-11-03 14:04:07.022224     |     Send ACK: 113
2021-11-03 14:04:07.022389     |     Gap: [56, 84, 88]
2021-11-03 14:04:07.027189     |     Receive Packet: 114
2021-11-03 14:04:07.027452     |     Send ACK: 114
2021-11-03 14:04:07.027507     |     Gap: [56, 84, 88]
2021-11-03 14:04:07.032560     |     Receive Packet: 115
2021-11-03 14:04:07.032940     |     Send ACK: 115
2021-11-03 14:04:07.033023     |     Gap: [56, 84, 88]
2021-11-03 14:04:07.037790     |     Receive Packet: 116
2021-11-03 14:04:07.038149     |     Send ACK: 116
2021-11-03 14:04:07.038199     |     Gap: [56, 84, 88]
2021-11-03 14:04:07.042584     |     Receive Packet: 117
2021-11-03 14:04:07.042879     |     Send ACK: 117
2021-11-03 14:04:07.042933     |     Gap: [56, 84, 88]
2021-11-03 14:04:07.047992     |     Receive Packet: 118
2021-11-03 14:04:07.048351     |     Send ACK: 118
2021-11-03 14:04:07.048405     |     Gap: [56, 84, 88]
2021-11-03 14:04:07.053201     |     Receive Packet: 119
2021-11-03 14:04:07.053562     |     Send ACK: 119
2021-11-03 14:04:07.053612     |     Gap: [56, 84, 88]
2021-11-03 14:04:07.058361     |     Receive Packet: 120
2021-11-03 14:04:07.058600     |     Send ACK: 120
2021-11-03 14:04:07.058643     |     Gap: [56, 84, 88]
2021-11-03 14:04:07.063968     |     Receive Packet: 121
2021-11-03 14:04:07.064496     |     Send ACK: 121
2021-11-03 14:04:07.064724     |     Gap: [56, 84, 88]
2021-11-03 14:04:07.069035     |     Receive Packet: 122
2021-11-03 14:04:07.069505     |     Send ACK: 122
2021-11-03 14:04:07.069560     |     Gap: [56, 84, 88]
2021-11-03 14:04:07.073978     |     Receive Packet: 123
2021-11-03 14:04:07.074204     |     Send ACK: 123
2021-11-03 14:04:07.074261     |     Gap: [56, 84, 88]
2021-11-03 14:04:07.079350     |     Receive Packet: S
2021-11-03 14:04:07.079383     |     Receive Sync Packet: S|b'84'
2021-11-03 14:04:07.079401     |     Send Sync Packet: b'S|84||84'
2021-11-03 14:04:07.079903     |     Receive Packet: 124
2021-11-03 14:04:07.080487     |     Send ACK: 124
2021-11-03 14:04:07.080565     |     Gap: [56, 84, 88]
2021-11-03 14:04:07.084789     |     Receive Packet: 125
2021-11-03 14:04:07.085192     |     Send ACK: 125
2021-11-03 14:04:07.085263     |     Gap: [56, 84, 88]
2021-11-03 14:04:07.089712     |     Receive Packet: 126
2021-11-03 14:04:07.089957     |     Send ACK: 126
2021-11-03 14:04:07.090006     |     Gap: [56, 84, 88]
2021-11-03 14:04:07.094886     |     Receive Packet: 127
2021-11-03 14:04:07.095541     |     Send ACK: 127
2021-11-03 14:04:07.095595     |     Gap: [56, 84, 88]
2021-11-03 14:04:07.100221     |     Receive Packet: S
2021-11-03 14:04:07.100267     |     Receive Sync Packet: S|b'88'
2021-11-03 14:04:07.100422     |     Send Sync Packet: b'S|88||88'
2021-11-03 14:04:07.101127     |     Receive Packet: 128
2021-11-03 14:04:07.101629     |     Send ACK: 128
2021-11-03 14:04:07.101715     |     Gap: [56, 84, 88]
2021-11-03 14:04:07.105528     |     Receive Packet: 129
2021-11-03 14:04:07.105807     |     Send ACK: 129
2021-11-03 14:04:07.105855     |     Gap: [56, 84, 88]
2021-11-03 14:04:07.110667     |     Receive Packet: 130
2021-11-03 14:04:07.110899     |     Send ACK: 130
2021-11-03 14:04:07.110951     |     Gap: [56, 84, 88]
2021-11-03 14:04:07.116135     |     Receive Packet: 131
2021-11-03 14:04:07.116402     |     Send ACK: 131
2021-11-03 14:04:07.116516     |     Gap: [56, 84, 88]
2021-11-03 14:04:07.121281     |     Receive Packet: 132
2021-11-03 14:04:07.121527     |     Send ACK: 132
2021-11-03 14:04:07.121579     |     Gap: [56, 84, 88]
2021-11-03 14:04:07.126352     |     Receive Packet: 133
2021-11-03 14:04:07.126573     |     Send ACK: 133
2021-11-03 14:04:07.126622     |     Gap: [56, 84, 88]
2021-11-03 14:04:07.131976     |     Receive Packet: 134
2021-11-03 14:04:07.132450     |     Send ACK: 134
2021-11-03 14:04:07.132539     |     Gap: [56, 84, 88]
2021-11-03 14:04:07.136979     |     Receive Packet: 135
2021-11-03 14:04:07.137301     |     Send ACK: 135
2021-11-03 14:04:07.137351     |     Gap: [56, 84, 88]
2021-11-03 14:04:07.142036     |     Receive Packet: 56         *****
2021-11-03 14:04:07.142311     |     Send ACK: 56
2021-11-03 14:04:07.142378     |     Gap: [84, 88]
2021-11-03 14:04:07.147472     |     Receive Packet: S
2021-11-03 14:04:07.147511     |     Receive Sync Packet: S|b'96'
2021-11-03 14:04:07.147530     |     Send Sync Packet: b'S|96||'
2021-11-03 14:04:07.147945     |     Receive Packet: 136
2021-11-03 14:04:07.148234     |     Send ACK: 136
2021-11-03 14:04:07.148291     |     Gap: [84, 88]
2021-11-03 14:04:07.152685     |     Receive Packet: 137
2021-11-03 14:04:07.153023     |     Send ACK: 137
2021-11-03 14:04:07.153072     |     Gap: [84, 88]
2021-11-03 14:04:07.157873     |     Receive Packet: 138
2021-11-03 14:04:07.158179     |     Send ACK: 138
2021-11-03 14:04:07.158234     |     Gap: [84, 88]
2021-11-03 14:04:07.163194     |     Receive Packet: 139
2021-11-03 14:04:07.163963     |     Send ACK: 139
2021-11-03 14:04:07.164035     |     Gap: [84, 88]
2021-11-03 14:04:07.168500     |     Receive Packet: 140
2021-11-03 14:04:07.168876     |     Send ACK: 140
2021-11-03 14:04:07.169019     |     Gap: [84, 88]
2021-11-03 14:04:07.173503     |     Receive Packet: 141
2021-11-03 14:04:07.173732     |     Send ACK: 141
2021-11-03 14:04:07.173787     |     Gap: [84, 88]
2021-11-03 14:04:07.178885     |     Receive Packet: 142
2021-11-03 14:04:07.179942     |     Send ACK: 142
2021-11-03 14:04:07.180262     |     Gap: [84, 88]
2021-11-03 14:04:07.190322     |     Receive Packet: 143
2021-11-03 14:04:07.190951     |     Send ACK: 143
2021-11-03 14:04:07.191011     |     Gap: [84, 88]
2021-11-03 14:04:07.191051     |     Receive Packet: 144
2021-11-03 14:04:07.191734     |     Send ACK: 144
2021-11-03 14:04:07.191793     |     Gap: [84, 88]
2021-11-03 14:04:07.198413     |     Receive Packet: 145
2021-11-03 14:04:07.198800     |     Send ACK: 145
2021-11-03 14:04:07.198860     |     Gap: [84, 88]
2021-11-03 14:04:07.202708     |     Receive Packet: 146
2021-11-03 14:04:07.203257     |     Send ACK: 146
2021-11-03 14:04:07.203316     |     Gap: [84, 88]
2021-11-03 14:04:07.207906     |     Receive Packet: 147
2021-11-03 14:04:07.208298     |     Send ACK: 147
2021-11-03 14:04:07.208354     |     Gap: [84, 88]
2021-11-03 14:04:07.213248     |     Receive Packet: 148
2021-11-03 14:04:07.213844     |     Send ACK: 148
2021-11-03 14:04:07.214023     |     Gap: [84, 88]
2021-11-03 14:04:07.218432     |     Receive Packet: 149
2021-11-03 14:04:07.218762     |     Send ACK: 149
2021-11-03 14:04:07.218833     |     Gap: [84, 88]
2021-11-03 14:04:07.223550     |     Receive Packet: 150
2021-11-03 14:04:07.223785     |     Send ACK: 150
2021-11-03 14:04:07.223833     |     Gap: [84, 88]
2021-11-03 14:04:07.229871     |     Receive Packet: 151
2021-11-03 14:04:07.231374     |     Send ACK: 151
2021-11-03 14:04:07.231443     |     Gap: [84, 88]
2021-11-03 14:04:07.236842     |     Receive Packet: 152
2021-11-03 14:04:07.237991     |     Send ACK: 152
2021-11-03 14:04:07.238116     |     Gap: [84, 88]
2021-11-03 14:04:07.239323     |     Receive Packet: 153
2021-11-03 14:04:07.239646     |     Send ACK: 153
2021-11-03 14:04:07.239719     |     Gap: [84, 88]
2021-11-03 14:04:07.244489     |     Receive Packet: 154
2021-11-03 14:04:07.244747     |     Send ACK: 154
2021-11-03 14:04:07.244815     |     Gap: [84, 88]
2021-11-03 14:04:07.249916     |     Receive Packet: 155
2021-11-03 14:04:07.250279     |     Send ACK: 155
2021-11-03 14:04:07.250355     |     Gap: [84, 88]
2021-11-03 14:04:07.255007     |     Receive Packet: 156
2021-11-03 14:04:07.255343     |     Send ACK: 156
2021-11-03 14:04:07.255399     |     Gap: [84, 88]
2021-11-03 14:04:07.260097     |     Receive Packet: 157
2021-11-03 14:04:07.260332     |     Send ACK: 157
2021-11-03 14:04:07.260386     |     Gap: [84, 88]
2021-11-03 14:04:07.265544     |     Receive Packet: 158
2021-11-03 14:04:07.265916     |     Send ACK: 158
2021-11-03 14:04:07.265972     |     Gap: [84, 88]
2021-11-03 14:04:07.270759     |     Receive Packet: 159
2021-11-03 14:04:07.271168     |     Send ACK: 159
2021-11-03 14:04:07.271227     |     Gap: [84, 88]
2021-11-03 14:04:07.275809     |     Receive Packet: 160
2021-11-03 14:04:07.276054     |     Send ACK: 160
2021-11-03 14:04:07.276112     |     Gap: [84, 88]
2021-11-03 14:04:07.283734     |     Receive Packet: 161
2021-11-03 14:04:07.284388     |     Send ACK: 161
2021-11-03 14:04:07.284463     |     Gap: [84, 88]
2021-11-03 14:04:07.287766     |     Receive Packet: 162
2021-11-03 14:04:07.287995     |     Send ACK: 162
2021-11-03 14:04:07.288053     |     Gap: [84, 88]
2021-11-03 14:04:07.292948     |     Receive Packet: 163
2021-11-03 14:04:07.293185     |     Send ACK: 163
2021-11-03 14:04:07.293244     |     Gap: [84, 88]
2021-11-03 14:04:07.298562     |     Receive Packet: 84         *****
2021-11-03 14:04:07.299110     |     Send ACK: 84
2021-11-03 14:04:07.299196     |     Gap: [88]
2021-11-03 14:04:07.357128     |     Receive Packet: 164
2021-11-03 14:04:07.357588     |     Send ACK: 164
2021-11-03 14:04:07.357648     |     Gap: [88]
2021-11-03 14:04:07.361909     |     Receive Packet: 165
2021-11-03 14:04:07.362203     |     Send ACK: 165
2021-11-03 14:04:07.362262     |     Gap: [88]
2021-11-03 14:04:07.366911     |     Receive Packet: S
2021-11-03 14:04:07.366942     |     Receive Sync Packet: S|b'126'
2021-11-03 14:04:07.366961     |     Send Sync Packet: b'S|126||'
2021-11-03 14:04:07.367490     |     Receive Packet: 166
2021-11-03 14:04:07.367698     |     Send ACK: 166
2021-11-03 14:04:07.367789     |     Gap: [88]
2021-11-03 14:04:07.372291     |     Receive Packet: 167
2021-11-03 14:04:07.372559     |     Send ACK: 167
2021-11-03 14:04:07.372602     |     Gap: [88]
2021-11-03 14:04:07.377432     |     Receive Packet: 88
2021-11-03 14:04:07.377796     |     Send ACK: 88               *****
2021-11-03 14:04:07.377889     |     Gap: []
2021-11-03 14:04:07.383441     |     Receive Packet: 168
2021-11-03 14:04:07.383917     |     Send ACK: 168
2021-11-03 14:04:07.384046     |     Gap: []
2021-11-03 14:04:07.388337     |     Receive Packet: 169
2021-11-03 14:04:07.388565     |     Send ACK: 169
2021-11-03 14:04:07.388614     |     Gap: []
2021-11-03 14:04:07.393103     |     Receive Packet: 170
2021-11-03 14:04:07.393331     |     Send ACK: 170
2021-11-03 14:04:07.393385     |     Gap: []
2021-11-03 14:04:07.398917     |     Receive Packet: 171
2021-11-03 14:04:07.399253     |     Send ACK: 171
2021-11-03 14:04:07.399304     |     Gap: []
2021-11-03 14:04:07.403831     |     Receive Packet: 172
2021-11-03 14:04:07.404105     |     Send ACK: 172
2021-11-03 14:04:07.404166     |     Gap: []
2021-11-03 14:04:07.413821     |     Receive Packet: 174
2021-11-03 14:04:07.415287     |     Send ACK: 174
2021-11-03 14:04:07.415469     |     Gap: [173]
2021-11-03 14:04:07.415596     |     Receive Packet: 175
2021-11-03 14:04:07.415964     |     Send ACK: 175
2021-11-03 14:04:07.416022     |     Gap: [173]
2021-11-03 14:04:07.419503     |     Receive Packet: 176
2021-11-03 14:04:07.419963     |     Send ACK: 176
2021-11-03 14:04:07.420043     |     Gap: [173]
2021-11-03 14:04:07.424705     |     Receive Packet: 177
2021-11-03 14:04:07.425130     |     Send ACK: 177
2021-11-03 14:04:07.425208     |     Gap: [173]
2021-11-03 14:04:07.430484     |     Receive Packet: 178
2021-11-03 14:04:07.431416     |     Send ACK: 178
2021-11-03 14:04:07.431474     |     Gap: [173]
2021-11-03 14:04:07.435442     |     Receive Packet: 179
2021-11-03 14:04:07.436074     |     Send ACK: 179
2021-11-03 14:04:07.436169     |     Gap: [173]
2021-11-03 14:04:07.440414     |     Receive Packet: 180
2021-11-03 14:04:07.440657     |     Send ACK: 180
2021-11-03 14:04:07.440707     |     Gap: [173]
2021-11-03 14:04:07.445674     |     Receive Packet: S
2021-11-03 14:04:07.445725     |     Receive Sync Packet: S|b'141'
2021-11-03 14:04:07.445749     |     Send Sync Packet: b'S|141||'
2021-11-03 14:04:07.446251     |     Receive Packet: 181
2021-11-03 14:04:07.446830     |     Send ACK: 181
2021-11-03 14:04:07.446980     |     Gap: [173]
2021-11-03 14:04:07.451171     |     Receive Packet: 182
2021-11-03 14:04:07.451524     |     Send ACK: 182
2021-11-03 14:04:07.451595     |     Gap: [173]
2021-11-03 14:04:07.456510     |     Receive Packet: 183
2021-11-03 14:04:07.456858     |     Send ACK: 183
2021-11-03 14:04:07.456930     |     Gap: [173]
2021-11-03 14:04:07.461563     |     Receive Packet: 184
2021-11-03 14:04:07.462029     |     Send ACK: 184
2021-11-03 14:04:07.462141     |     Gap: [173]
2021-11-03 14:04:07.467156     |     Receive Packet: S
2021-11-03 14:04:07.467257     |     Receive Sync Packet: S|b'145'
2021-11-03 14:04:07.467330     |     Send Sync Packet: b'S|145||'
2021-11-03 14:04:07.467645     |     Receive Packet: 185
2021-11-03 14:04:07.467963     |     Send ACK: 185
2021-11-03 14:04:07.468018     |     Gap: [173]
2021-11-03 14:04:07.472295     |     Receive Packet: 186
2021-11-03 14:04:07.472647     |     Send ACK: 186
2021-11-03 14:04:07.472727     |     Gap: [173]
2021-11-03 14:04:07.477405     |     Receive Packet: 187
2021-11-03 14:04:07.477643     |     Send ACK: 187
2021-11-03 14:04:07.477692     |     Gap: [173]
2021-11-03 14:04:07.482804     |     Receive Packet: 188
2021-11-03 14:04:07.483194     |     Send ACK: 188
2021-11-03 14:04:07.483249     |     Gap: [173]
2021-11-03 14:04:07.488406     |     Receive Packet: 189
2021-11-03 14:04:07.488657     |     Send ACK: 189
2021-11-03 14:04:07.488702     |     Gap: [173]
2021-11-03 14:04:07.493146     |     Receive Packet: 190
2021-11-03 14:04:07.493390     |     Send ACK: 190
2021-11-03 14:04:07.493442     |     Gap: [173]
2021-11-03 14:04:07.498733     |     Receive Packet: 191
2021-11-03 14:04:07.499109     |     Send ACK: 191
2021-11-03 14:04:07.499186     |     Gap: [173]
2021-11-03 14:04:07.503761     |     Receive Packet: 192
2021-11-03 14:04:07.504261     |     Send ACK: 192
2021-11-03 14:04:07.504324     |     Gap: [173]
2021-11-03 14:04:07.509004     |     Receive Packet: 193
2021-11-03 14:04:07.509260     |     Send ACK: 193
2021-11-03 14:04:07.509345     |     Gap: [173]
2021-11-03 14:04:07.514404     |     Receive Packet: 194
2021-11-03 14:04:07.514781     |     Send ACK: 194
2021-11-03 14:04:07.514844     |     Gap: [173]
2021-11-03 14:04:07.519953     |     Receive Packet: 195
2021-11-03 14:04:07.520375     |     Send ACK: 195
2021-11-03 14:04:07.520432     |     Gap: [173]
2021-11-03 14:04:07.524998     |     Receive Packet: 196
2021-11-03 14:04:07.525280     |     Send ACK: 196
2021-11-03 14:04:07.525336     |     Gap: [173]
2021-11-03 14:04:07.530810     |     Receive Packet: 197
2021-11-03 14:04:07.531215     |     Send ACK: 197
2021-11-03 14:04:07.531299     |     Gap: [173]
2021-11-03 14:04:07.535834     |     Receive Packet: 198
2021-11-03 14:04:07.536081     |     Send ACK: 198
2021-11-03 14:04:07.536139     |     Gap: [173]
2021-11-03 14:04:07.540780     |     Receive Packet: 199
2021-11-03 14:04:07.541063     |     Send ACK: 199
2021-11-03 14:04:07.541117     |     Gap: [173]
2021-11-03 14:04:07.546947     |     Receive Packet: 200
2021-11-03 14:04:07.547636     |     Send ACK: 200
2021-11-03 14:04:07.547705     |     Gap: [173]
2021-11-03 14:04:07.551798     |     Receive Packet: 201
2021-11-03 14:04:07.552065     |     Send ACK: 201
2021-11-03 14:04:07.552125     |     Gap: [173]
2021-11-03 14:04:07.556652     |     Receive Packet: 202
2021-11-03 14:04:07.556925     |     Send ACK: 202
2021-11-03 14:04:07.556983     |     Gap: [173]
2021-11-03 14:04:07.561592     |     Receive Packet: 203
2021-11-03 14:04:07.562210     |     Send ACK: 203
2021-11-03 14:04:07.562428     |     Gap: [173]
2021-11-03 14:04:07.567096     |     Receive Packet: 204
2021-11-03 14:04:07.567517     |     Send ACK: 204
2021-11-03 14:04:07.567609     |     Gap: [173]
2021-11-03 14:04:07.572128     |     Receive Packet: 205
2021-11-03 14:04:07.572424     |     Send ACK: 205
2021-11-03 14:04:07.572498     |     Gap: [173]
2021-11-03 14:04:07.577351     |     Receive Packet: 206
2021-11-03 14:04:07.577593     |     Send ACK: 206
2021-11-03 14:04:07.577636     |     Gap: [173]
2021-11-03 14:04:07.582700     |     Receive Packet: 207
2021-11-03 14:04:07.583538     |     Send ACK: 207
2021-11-03 14:04:07.583655     |     Gap: [173]
2021-11-03 14:04:07.591914     |     Receive Packet: 208
2021-11-03 14:04:07.592253     |     Send ACK: 208
2021-11-03 14:04:07.592317     |     Gap: [173]
2021-11-03 14:04:07.596904     |     Receive Packet: 209
2021-11-03 14:04:07.597557     |     Send ACK: 209
2021-11-03 14:04:07.597629     |     Gap: [173]
2021-11-03 14:04:07.603129     |     Receive Packet: 210
2021-11-03 14:04:07.603403     |     Send ACK: 210
2021-11-03 14:04:07.603465     |     Gap: [173]
2021-11-03 14:04:07.607680     |     Receive Packet: 211
2021-11-03 14:04:07.607912     |     Send ACK: 211
2021-11-03 14:04:07.607989     |     Gap: [173]
2021-11-03 14:04:07.615265     |     Receive Packet: 212
2021-11-03 14:04:07.615652     |     Send ACK: 212
2021-11-03 14:04:07.615740     |     Gap: [173]
2021-11-03 14:04:07.622719     |     Receive Packet: S
2021-11-03 14:04:07.622746     |     Receive Sync Packet: S|b'173'
2021-11-03 14:04:07.622763     |     Send Sync Packet: b'S|173||173'
2021-11-03 14:04:07.625123     |     Receive Packet: 213
2021-11-03 14:04:07.625474     |     Send ACK: 213
2021-11-03 14:04:07.625615     |     Gap: [173]
2021-11-03 14:04:07.630855     |     Receive Packet: 214
2021-11-03 14:04:07.631126     |     Send ACK: 214
2021-11-03 14:04:07.631191     |     Gap: [173]
2021-11-03 14:04:07.635807     |     Receive Packet: 215
2021-11-03 14:04:07.636211     |     Send ACK: 215
2021-11-03 14:04:07.636270     |     Gap: [173]
2021-11-03 14:04:07.641114     |     Receive Packet: 216
2021-11-03 14:04:07.641382     |     Send ACK: 216
2021-11-03 14:04:07.641444     |     Gap: [173]
2021-11-03 14:04:07.646710     |     Receive Packet: 217
2021-11-03 14:04:07.647781     |     Send ACK: 217
2021-11-03 14:04:07.647883     |     Gap: [173]
2021-11-03 14:04:07.651499     |     Receive Packet: 218
2021-11-03 14:04:07.651838     |     Send ACK: 218
2021-11-03 14:04:07.651901     |     Gap: [173]
2021-11-03 14:04:07.657003     |     Receive Packet: 219
2021-11-03 14:04:07.657225     |     Send ACK: 219
2021-11-03 14:04:07.657305     |     Gap: [173]
2021-11-03 14:04:07.661803     |     Receive Packet: 220
2021-11-03 14:04:07.662310     |     Send ACK: 220
2021-11-03 14:04:07.663552     |     Gap: [173]
2021-11-03 14:04:07.667383     |     Receive Packet: 221
2021-11-03 14:04:07.667999     |     Send ACK: 221
2021-11-03 14:04:07.668139     |     Gap: [173]
2021-11-03 14:04:07.672156     |     Receive Packet: 222
2021-11-03 14:04:07.672486     |     Send ACK: 222
2021-11-03 14:04:07.672543     |     Gap: [173]
2021-11-03 14:04:07.677355     |     Receive Packet: 223
2021-11-03 14:04:07.677590     |     Send ACK: 223
2021-11-03 14:04:07.677635     |     Gap: [173]
2021-11-03 14:04:07.682901     |     Receive Packet: 224
2021-11-03 14:04:07.683187     |     Send ACK: 224
2021-11-03 14:04:07.683237     |     Gap: [173]
2021-11-03 14:04:07.688539     |     Receive Packet: 225
2021-11-03 14:04:07.689315     |     Send ACK: 225
2021-11-03 14:04:07.689382     |     Gap: [173]
2021-11-03 14:04:07.693168     |     Receive Packet: 226
2021-11-03 14:04:07.693500     |     Send ACK: 226
2021-11-03 14:04:07.693566     |     Gap: [173]
2021-11-03 14:04:07.699517     |     Receive Packet: 227
2021-11-03 14:04:07.699991     |     Send ACK: 227
2021-11-03 14:04:07.700059     |     Gap: [173]
2021-11-03 14:04:07.703774     |     Receive Packet: 228
2021-11-03 14:04:07.704228     |     Send ACK: 228
2021-11-03 14:04:07.704302     |     Gap: [173]
2021-11-03 14:04:07.708764     |     Receive Packet: 229
2021-11-03 14:04:07.709113     |     Send ACK: 229
2021-11-03 14:04:07.709175     |     Gap: [173]
2021-11-03 14:04:07.714445     |     Receive Packet: 230
2021-11-03 14:04:07.715690     |     Send ACK: 230
2021-11-03 14:04:07.715958     |     Gap: [173]
2021-11-03 14:04:07.719390     |     Receive Packet: 231
2021-11-03 14:04:07.719965     |     Send ACK: 231
2021-11-03 14:04:07.720075     |     Gap: [173]
2021-11-03 14:04:07.724585     |     Receive Packet: 232
2021-11-03 14:04:07.724976     |     Send ACK: 232
2021-11-03 14:04:07.725082     |     Gap: [173]
2021-11-03 14:04:07.729838     |     Receive Packet: 233
2021-11-03 14:04:07.730873     |     Send ACK: 233
2021-11-03 14:04:07.731411     |     Gap: [173]
2021-11-03 14:04:07.735298     |     Receive Packet: S
2021-11-03 14:04:07.735347     |     Receive Sync Packet: S|b'194'
2021-11-03 14:04:07.735369     |     Send Sync Packet: b'S|194||'
2021-11-03 14:04:07.735935     |     Receive Packet: 234
2021-11-03 14:04:07.736281     |     Send ACK: 234
2021-11-03 14:04:07.736347     |     Gap: [173]
2021-11-03 14:04:07.740509     |     Receive Packet: 235
2021-11-03 14:04:07.740866     |     Send ACK: 235
2021-11-03 14:04:07.740928     |     Gap: [173]
2021-11-03 14:04:07.745866     |     Receive Packet: 236
2021-11-03 14:04:07.746358     |     Send ACK: 236
2021-11-03 14:04:07.746636     |     Gap: [173]
2021-11-03 14:04:07.751169     |     Receive Packet: 237
2021-11-03 14:04:07.751684     |     Send ACK: 237
2021-11-03 14:04:07.751839     |     Gap: [173]
2021-11-03 14:04:07.756229     |     Receive Packet: 238
2021-11-03 14:04:07.756591     |     Send ACK: 238
2021-11-03 14:04:07.756673     |     Gap: [173]
2021-11-03 14:04:07.761446     |     Receive Packet: 239
2021-11-03 14:04:07.761927     |     Send ACK: 239
2021-11-03 14:04:07.762023     |     Gap: [173]
2021-11-03 14:04:07.766673     |     Receive Packet: 240
2021-11-03 14:04:07.767385     |     Send ACK: 240
2021-11-03 14:04:07.767484     |     Gap: [173]
2021-11-03 14:04:07.771882     |     Receive Packet: 241
2021-11-03 14:04:07.772201     |     Send ACK: 241
2021-11-03 14:04:07.772311     |     Gap: [173]
2021-11-03 14:04:07.777074     |     Receive Packet: 242
2021-11-03 14:04:07.777321     |     Send ACK: 242
2021-11-03 14:04:07.777417     |     Gap: [173]
2021-11-03 14:04:07.782443     |     Receive Packet: 243
2021-11-03 14:04:07.782779     |     Send ACK: 243
2021-11-03 14:04:07.782856     |     Gap: [173]
2021-11-03 14:04:07.787681     |     Receive Packet: 244
2021-11-03 14:04:07.787944     |     Send ACK: 244
2021-11-03 14:04:07.788009     |     Gap: [173]
2021-11-03 14:04:07.792842     |     Receive Packet: 245
2021-11-03 14:04:07.793229     |     Send ACK: 245
2021-11-03 14:04:07.793295     |     Gap: [173]
2021-11-03 14:04:07.798068     |     Receive Packet: 246
2021-11-03 14:04:07.798369     |     Send ACK: 246
2021-11-03 14:04:07.798437     |     Gap: [173]
2021-11-03 14:04:07.803355     |     Receive Packet: 247
2021-11-03 14:04:07.803708     |     Send ACK: 247
2021-11-03 14:04:07.803774     |     Gap: [173]
2021-11-03 14:04:07.808459     |     Receive Packet: 248
2021-11-03 14:04:07.808680     |     Send ACK: 248
2021-11-03 14:04:07.808767     |     Gap: [173]
2021-11-03 14:04:07.814155     |     Receive Packet: 249
2021-11-03 14:04:07.814630     |     Send ACK: 249
2021-11-03 14:04:07.814727     |     Gap: [173]
2021-11-03 14:04:07.819144     |     Receive Packet: 250
2021-11-03 14:04:07.819520     |     Send ACK: 250
2021-11-03 14:04:07.819603     |     Gap: [173]
2021-11-03 14:04:07.824301     |     Receive Packet: 251
2021-11-03 14:04:07.824746     |     Send ACK: 251
2021-11-03 14:04:07.824821     |     Gap: [173]
2021-11-03 14:04:07.830068     |     Receive Packet: 252
2021-11-03 14:04:07.831261     |     Send ACK: 252
2021-11-03 14:04:07.831372     |     Gap: [173]
2021-11-03 14:04:07.834966     |     Receive Packet: 173
2021-11-03 14:04:07.835509     |     Send ACK: 173              *****
2021-11-03 14:04:07.835589     |     Gap: []
2021-11-03 14:04:07.839958     |     Receive Packet: 253
2021-11-03 14:04:07.840263     |     Send ACK: 253
2021-11-03 14:04:07.840337     |     Gap: []
2021-11-03 14:04:07.845361     |     Receive Packet: 254
2021-11-03 14:04:07.846036     |     Send ACK: 254
2021-11-03 14:04:07.846194     |     Gap: []
2021-11-03 14:04:07.850794     |     Receive Packet: 255
2021-11-03 14:04:07.851450     |     Send ACK: 255
2021-11-03 14:04:07.851535     |     Gap: []
2021-11-03 14:04:07.855632     |     Receive Packet: 256
2021-11-03 14:04:07.855920     |     Send ACK: 256
2021-11-03 14:04:07.855984     |     Gap: []
2021-11-03 14:04:07.860899     |     Receive Packet: 257
2021-11-03 14:04:07.861310     |     Send ACK: 257
2021-11-03 14:04:07.861375     |     Gap: []
2021-11-03 14:04:07.866609     |     Receive Packet: 258
2021-11-03 14:04:07.867319     |     Send ACK: 258
2021-11-03 14:04:07.867407     |     Gap: []
2021-11-03 14:04:07.871344     |     Receive Packet: 259
2021-11-03 14:04:07.871639     |     Send ACK: 259
2021-11-03 14:04:07.871714     |     Gap: []
2021-11-03 14:04:07.880387     |     Receive Packet: 260
2021-11-03 14:04:07.880948     |     Send ACK: 260
2021-11-03 14:04:07.881046     |     Gap: []
2021-11-03 14:04:07.885009     |     Receive Packet: 261
2021-11-03 14:04:07.885420     |     Send ACK: 261
2021-11-03 14:04:07.885512     |     Gap: []
2021-11-03 14:04:07.890197     |     Receive Packet: 262
2021-11-03 14:04:07.890638     |     Send ACK: 262
2021-11-03 14:04:07.890688     |     Gap: []
2021-11-03 14:04:07.895645     |     Receive Packet: 263
2021-11-03 14:04:07.896281     |     Send ACK: 263
2021-11-03 14:04:07.896355     |     Gap: []
2021-11-03 14:04:07.901039     |     Receive Packet: 264
2021-11-03 14:04:07.901586     |     Send ACK: 264
2021-11-03 14:04:07.901704     |     Gap: []
2021-11-03 14:04:07.905865     |     Receive Packet: 265
2021-11-03 14:04:07.906216     |     Send ACK: 265
2021-11-03 14:04:07.906305     |     Gap: []
2021-11-03 14:04:07.911187     |     Receive Packet: 266
2021-11-03 14:04:07.911616     |     Send ACK: 266
2021-11-03 14:04:07.911910     |     Gap: []
2021-11-03 14:04:07.916413     |     Receive Packet: 267
2021-11-03 14:04:07.917260     |     Send ACK: 267
2021-11-03 14:04:07.917370     |     Gap: []
2021-11-03 14:04:07.921698     |     Receive Packet: 268
2021-11-03 14:04:07.921999     |     Send ACK: 268
2021-11-03 14:04:07.922094     |     Gap: []
2021-11-03 14:04:07.926893     |     Receive Packet: 269
2021-11-03 14:04:07.927140     |     Send ACK: 269
2021-11-03 14:04:07.927214     |     Gap: []
2021-11-03 14:04:07.932408     |     Receive Packet: 270
2021-11-03 14:04:07.933083     |     Send ACK: 270
2021-11-03 14:04:07.933194     |     Gap: []
2021-11-03 14:04:07.937410     |     Receive Packet: 271
2021-11-03 14:04:07.937688     |     Send ACK: 271
2021-11-03 14:04:07.937811     |     Gap: []
2021-11-03 14:04:07.942588     |     Receive Packet: 272
2021-11-03 14:04:07.942868     |     Send ACK: 272
2021-11-03 14:04:07.942956     |     Gap: []
2021-11-03 14:04:07.948218     |     Receive Packet: 273
2021-11-03 14:04:07.948878     |     Send ACK: 273
2021-11-03 14:04:07.948960     |     Gap: []
2021-11-03 14:04:07.953609     |     Receive Packet: 274
2021-11-03 14:04:07.954297     |     Send ACK: 274
2021-11-03 14:04:07.954384     |     Gap: []
2021-11-03 14:04:07.958282     |     Receive Packet: 275
2021-11-03 14:04:07.958597     |     Send ACK: 275
2021-11-03 14:04:07.958660     |     Gap: []
2021-11-03 14:04:07.963830     |     Receive Packet: 276
2021-11-03 14:04:07.964887     |     Send ACK: 276
2021-11-03 14:04:07.965041     |     Gap: []
2021-11-03 14:04:07.968862     |     Receive Packet: 277
2021-11-03 14:04:07.969234     |     Send ACK: 277
2021-11-03 14:04:07.969321     |     Gap: []
2021-11-03 14:04:07.973992     |     Receive Packet: 278
2021-11-03 14:04:07.974292     |     Send ACK: 278
2021-11-03 14:04:07.974413     |     Gap: []
2021-11-03 14:04:07.979555     |     Receive Packet: 279
2021-11-03 14:04:07.980200     |     Send ACK: 279
2021-11-03 14:04:07.980384     |     Gap: []
2021-11-03 14:04:07.984863     |     Receive Packet: 280
2021-11-03 14:04:07.985264     |     Send ACK: 280
2021-11-03 14:04:07.985329     |     Gap: []
2021-11-03 14:04:07.990009     |     Receive Packet: S
2021-11-03 14:04:07.990038     |     Receive Sync Packet: S|b'241'
2021-11-03 14:04:07.990054     |     Send Sync Packet: b'S|241||'
2021-11-03 14:04:07.990426     |     Receive Packet: 281
2021-11-03 14:04:07.990673     |     Send ACK: 281
2021-11-03 14:04:07.990744     |     Gap: []
2021-11-03 14:04:07.995444     |     Receive Packet: 282
2021-11-03 14:04:07.995952     |     Send ACK: 282
2021-11-03 14:04:07.996134     |     Gap: []
2021-11-03 14:04:08.000838     |     Receive Packet: 283
2021-11-03 14:04:08.001359     |     Send ACK: 283
2021-11-03 14:04:08.001447     |     Gap: []
2021-11-03 14:04:08.005706     |     Receive Packet: 284
2021-11-03 14:04:08.005967     |     Send ACK: 284
2021-11-03 14:04:08.006052     |     Gap: []
2021-11-03 14:04:08.010982     |     Receive Packet: 285
2021-11-03 14:04:08.011340     |     Send ACK: 285
2021-11-03 14:04:08.011420     |     Gap: []
2021-11-03 14:04:08.016280     |     Receive Packet: 286
2021-11-03 14:04:08.017130     |     Send ACK: 286
2021-11-03 14:04:08.017224     |     Gap: []
2021-11-03 14:04:08.021433     |     Receive Packet: 287
2021-11-03 14:04:08.021773     |     Send ACK: 287
2021-11-03 14:04:08.021869     |     Gap: []
2021-11-03 14:04:08.026683     |     Receive Packet: 288
2021-11-03 14:04:08.026985     |     Send ACK: 288
2021-11-03 14:04:08.027053     |     Gap: []
2021-11-03 14:04:08.032025     |     Receive Packet: 289
2021-11-03 14:04:08.032432     |     Send ACK: 289
2021-11-03 14:04:08.032508     |     Gap: []
2021-11-03 14:04:08.037168     |     Receive Packet: 290
2021-11-03 14:04:08.037473     |     Send ACK: 290
2021-11-03 14:04:08.037541     |     Gap: []
2021-11-03 14:04:08.042405     |     Receive Packet: 291
2021-11-03 14:04:08.042699     |     Send ACK: 291
2021-11-03 14:04:08.042774     |     Gap: []
2021-11-03 14:04:08.047851     |     Receive Packet: 292
2021-11-03 14:04:08.048238     |     Send ACK: 292
2021-11-03 14:04:08.048315     |     Gap: []
2021-11-03 14:04:08.052906     |     Receive Packet: 293
2021-11-03 14:04:08.053304     |     Send ACK: 293
2021-11-03 14:04:08.053397     |     Gap: []
2021-11-03 14:04:08.058098     |     Receive Packet: 294
2021-11-03 14:04:08.058405     |     Send ACK: 294
2021-11-03 14:04:08.058476     |     Gap: []
2021-11-03 14:04:08.063469     |     Receive Packet: 295
2021-11-03 14:04:08.064197     |     Send ACK: 295
2021-11-03 14:04:08.064291     |     Gap: []
2021-11-03 14:04:08.068693     |     Receive Packet: 296
2021-11-03 14:04:08.069071     |     Send ACK: 296
2021-11-03 14:04:08.069181     |     Gap: []
2021-11-03 14:04:08.073853     |     Receive Packet: 297
2021-11-03 14:04:08.074188     |     Send ACK: 297
2021-11-03 14:04:08.074344     |     Gap: []
2021-11-03 14:04:08.079163     |     Receive Packet: 298
2021-11-03 14:04:08.080052     |     Send ACK: 298
2021-11-03 14:04:08.080139     |     Gap: []
2021-11-03 14:04:08.084648     |     Receive Packet: 299
2021-11-03 14:04:08.085336     |     Send ACK: 299
2021-11-03 14:04:08.085434     |     Gap: []
2021-11-03 14:04:08.089508     |     Receive Packet: 300
2021-11-03 14:04:08.089796     |     Send ACK: 300
2021-11-03 14:04:08.089906     |     Gap: []
2021-11-03 14:04:08.094810     |     Receive Packet: 301
2021-11-03 14:04:08.095538     |     Send ACK: 301
2021-11-03 14:04:08.095640     |     Gap: []
2021-11-03 14:04:08.100049     |     Receive Packet: 302
2021-11-03 14:04:08.100667     |     Send ACK: 302
2021-11-03 14:04:08.100772     |     Gap: []
2021-11-03 14:04:08.105179     |     Receive Packet: 303
2021-11-03 14:04:08.105472     |     Send ACK: 303
2021-11-03 14:04:08.105593     |     Gap: []
2021-11-03 14:04:08.110399     |     Receive Packet: 304
2021-11-03 14:04:08.110802     |     Send ACK: 304
2021-11-03 14:04:08.110881     |     Gap: []
2021-11-03 14:04:08.115698     |     Receive Packet: 305
2021-11-03 14:04:08.116016     |     Send ACK: 305
2021-11-03 14:04:08.116089     |     Gap: []
2021-11-03 14:04:08.120912     |     Receive Packet: 306
2021-11-03 14:04:08.121224     |     Send ACK: 306
2021-11-03 14:04:08.121304     |     Gap: []
2021-11-03 14:04:08.126137     |     Receive Packet: 307
2021-11-03 14:04:08.126437     |     Send ACK: 307
2021-11-03 14:04:08.126514     |     Gap: []
2021-11-03 14:04:08.131515     |     Receive Packet: 308
2021-11-03 14:04:08.132165     |     Send ACK: 308
2021-11-03 14:04:08.132250     |     Gap: []
2021-11-03 14:04:08.136613     |     Receive Packet: 309
2021-11-03 14:04:08.136932     |     Send ACK: 309
2021-11-03 14:04:08.137086     |     Gap: []
2021-11-03 14:04:08.141828     |     Receive Packet: 310
2021-11-03 14:04:08.142141     |     Send ACK: 310
2021-11-03 14:04:08.142215     |     Gap: []
2021-11-03 14:04:08.147390     |     Receive Packet: 311
2021-11-03 14:04:08.147902     |     Send ACK: 311
2021-11-03 14:04:08.147995     |     Gap: []
2021-11-03 14:04:08.152696     |     Receive Packet: 312
2021-11-03 14:04:08.153559     |     Send ACK: 312
2021-11-03 14:04:08.153651     |     Gap: []
2021-11-03 14:04:08.157591     |     Receive Packet: 313
2021-11-03 14:04:08.157860     |     Send ACK: 313
2021-11-03 14:04:08.157933     |     Gap: []
2021-11-03 14:04:08.162859     |     Receive Packet: 314
2021-11-03 14:04:08.163856     |     Send ACK: 314
2021-11-03 14:04:08.164123     |     Gap: []
2021-11-03 14:04:08.168467     |     Receive Packet: 315
2021-11-03 14:04:08.168879     |     Send ACK: 315
2021-11-03 14:04:08.168958     |     Gap: []
2021-11-03 14:04:08.173464     |     Receive Packet: 316
2021-11-03 14:04:08.173723     |     Send ACK: 316
2021-11-03 14:04:08.173796     |     Gap: []
2021-11-03 14:04:08.178917     |     Receive Packet: 317
2021-11-03 14:04:08.179693     |     Send ACK: 317
2021-11-03 14:04:08.179814     |     Gap: []
2021-11-03 14:04:08.184206     |     Receive Packet: 318
2021-11-03 14:04:08.184766     |     Send ACK: 318
2021-11-03 14:04:08.184867     |     Gap: []
2021-11-03 14:04:08.189099     |     Receive Packet: 319
2021-11-03 14:04:08.189369     |     Send ACK: 319
2021-11-03 14:04:08.189451     |     Gap: []
2021-11-03 14:04:08.194430     |     Receive Packet: 320
2021-11-03 14:04:08.195079     |     Send ACK: 320
2021-11-03 14:04:08.195258     |     Gap: []
2021-11-03 14:04:08.199573     |     Receive Packet: 321
2021-11-03 14:04:08.199858     |     Send ACK: 321
2021-11-03 14:04:08.199957     |     Gap: []
2021-11-03 14:04:08.204798     |     Receive Packet: 322
2021-11-03 14:04:08.205051     |     Send ACK: 322
2021-11-03 14:04:08.205124     |     Gap: []
2021-11-03 14:04:08.210046     |     Receive Packet: 323
2021-11-03 14:04:08.210378     |     Send ACK: 323
2021-11-03 14:04:08.210451     |     Gap: []
2021-11-03 14:04:08.215281     |     Receive Packet: 324
2021-11-03 14:04:08.215702     |     Send ACK: 324
2021-11-03 14:04:08.215797     |     Gap: []
2021-11-03 14:04:08.220445     |     Receive Packet: 325
2021-11-03 14:04:08.220778     |     Send ACK: 325
2021-11-03 14:04:08.220861     |     Gap: []
2021-11-03 14:04:08.225784     |     Receive Packet: 326
2021-11-03 14:04:08.226068     |     Send ACK: 326
2021-11-03 14:04:08.226173     |     Gap: []
2021-11-03 14:04:08.231269     |     Receive Packet: 327
2021-11-03 14:04:08.232105     |     Send ACK: 327
2021-11-03 14:04:08.232217     |     Gap: []
2021-11-03 14:04:08.236310     |     Receive Packet: 328
2021-11-03 14:04:08.236569     |     Send ACK: 328
2021-11-03 14:04:08.236676     |     Gap: []
2021-11-03 14:04:08.241476     |     Receive Packet: 329
2021-11-03 14:04:08.241745     |     Send ACK: 329
2021-11-03 14:04:08.241828     |     Gap: []
2021-11-03 14:04:08.247356     |     Receive Packet: 330
2021-11-03 14:04:08.248493     |     Send ACK: 330
2021-11-03 14:04:08.248837     |     Gap: []
2021-11-03 14:04:08.252670     |     Receive Packet: 331
2021-11-03 14:04:08.253058     |     Send ACK: 331
2021-11-03 14:04:08.253139     |     Gap: []
2021-11-03 14:04:08.257477     |     Receive Packet: 332
2021-11-03 14:04:08.257774     |     Send ACK: 332
2021-11-03 14:04:08.257926     |     Gap: []
2021-11-03 14:04:08.262892     |     Receive Packet: 333
2021-11-03 14:04:08.263509     |     Send ACK: 333
2021-11-03 14:04:08.263676     |     Gap: []
2021-11-03 14:04:08.268086     |     Receive Packet: 334
2021-11-03 14:04:08.268707     |     Send ACK: 334
2021-11-03 14:04:08.268869     |     Gap: []
2021-11-03 14:04:08.273127     |     Receive Packet: 335
2021-11-03 14:04:08.273547     |     Send ACK: 335
2021-11-03 14:04:08.273702     |     Gap: []
2021-11-03 14:04:08.278458     |     Receive Packet: 336
2021-11-03 14:04:08.278757     |     Send ACK: 336
2021-11-03 14:04:08.278960     |     Gap: []
2021-11-03 14:04:08.284036     |     Receive Packet: 337
2021-11-03 14:04:08.284861     |     Send ACK: 337
2021-11-03 14:04:08.285017     |     Gap: []
2021-11-03 14:04:08.288797     |     Receive Packet: 338
2021-11-03 14:04:08.289096     |     Send ACK: 338
2021-11-03 14:04:08.289180     |     Gap: []
2021-11-03 14:04:08.294064     |     Receive Packet: 339
2021-11-03 14:04:08.294538     |     Send ACK: 339
2021-11-03 14:04:08.294760     |     Gap: []
2021-11-03 14:04:08.299623     |     Receive Packet: 340
2021-11-03 14:04:08.300033     |     Send ACK: 340
2021-11-03 14:04:08.300135     |     Gap: []
2021-11-03 14:04:08.315399     |     Receive Packet: 341
2021-11-03 14:04:08.316143     |     Send ACK: 341
2021-11-03 14:04:08.316302     |     Gap: []
2021-11-03 14:04:08.317778     |     Receive Packet: 342
2021-11-03 14:04:08.318669     |     Send ACK: 342
2021-11-03 14:04:08.318808     |     Gap: []
2021-11-03 14:04:08.321902     |     Receive Packet: 343
2021-11-03 14:04:08.322354     |     Send ACK: 343
2021-11-03 14:04:08.322457     |     Gap: []
2021-11-03 14:04:08.341109     |     Receive Packet: 345
2021-11-03 14:04:08.341585     |     Send ACK: 345
2021-11-03 14:04:08.341670     |     Gap: [344]
2021-11-03 14:04:08.341810     |     Receive Packet: 344
2021-11-03 14:04:08.342537     |     Send ACK: 344
2021-11-03 14:04:08.342674     |     Gap: []
2021-11-03 14:04:08.347306     |     Receive Packet: 346
2021-11-03 14:04:08.348694     |     Send ACK: 346
2021-11-03 14:04:08.348783     |     Gap: []
2021-11-03 14:04:08.352752     |     Receive Packet: 347
2021-11-03 14:04:08.353439     |     Send ACK: 347
2021-11-03 14:04:08.353792     |     Gap: []
2021-11-03 14:04:08.356781     |     Receive Packet: 348
2021-11-03 14:04:08.357240     |     Send ACK: 348
2021-11-03 14:04:08.357332     |     Gap: []
2021-11-03 14:04:08.362039     |     Receive Packet: 349
2021-11-03 14:04:08.363333     |     Send ACK: 349
2021-11-03 14:04:08.363607     |     Gap: []
2021-11-03 14:04:08.368377     |     Receive Packet: 350
2021-11-03 14:04:08.369517     |     Send ACK: 350
2021-11-03 14:04:08.369765     |     Gap: []
2021-11-03 14:04:08.372307     |     Receive Packet: 351
2021-11-03 14:04:08.372610     |     Send ACK: 351
2021-11-03 14:04:08.372691     |     Gap: []
2021-11-03 14:04:08.377533     |     Receive Packet: 352
2021-11-03 14:04:08.377848     |     Send ACK: 352
2021-11-03 14:04:08.377929     |     Gap: []
2021-11-03 14:04:08.382871     |     Receive Packet: 353
2021-11-03 14:04:08.383203     |     Send ACK: 353
2021-11-03 14:04:08.383290     |     Gap: []
2021-11-03 14:04:08.388024     |     Receive Packet: 354
2021-11-03 14:04:08.388284     |     Send ACK: 354
2021-11-03 14:04:08.388380     |     Gap: []
2021-11-03 14:04:08.393288     |     Receive Packet: 355
2021-11-03 14:04:08.393642     |     Send ACK: 355
2021-11-03 14:04:08.393741     |     Gap: []
2021-11-03 14:04:08.398556     |     Receive Packet: 356
2021-11-03 14:04:08.398966     |     Send ACK: 356
2021-11-03 14:04:08.399051     |     Gap: []
2021-11-03 14:04:08.403698     |     Receive Packet: 357
2021-11-03 14:04:08.403986     |     Send ACK: 357
2021-11-03 14:04:08.404082     |     Gap: []
2021-11-03 14:04:08.408947     |     Receive Packet: 358
2021-11-03 14:04:08.409260     |     Send ACK: 358
2021-11-03 14:04:08.409364     |     Gap: []
2021-11-03 14:04:08.414602     |     Receive Packet: 359
2021-11-03 14:04:08.415157     |     Send ACK: 359
2021-11-03 14:04:08.415243     |     Gap: []
2021-11-03 14:04:08.419609     |     Receive Packet: 360
2021-11-03 14:04:08.420179     |     Send ACK: 360
2021-11-03 14:04:08.420287     |     Gap: []
2021-11-03 14:04:08.424668     |     Receive Packet: 361
2021-11-03 14:04:08.425029     |     Send ACK: 361
2021-11-03 14:04:08.425121     |     Gap: []
2021-11-03 14:04:08.430841     |     Receive Packet: 362
2021-11-03 14:04:08.431568     |     Send ACK: 362
2021-11-03 14:04:08.431669     |     Gap: []
2021-11-03 14:04:08.435426     |     Receive Packet: 363
2021-11-03 14:04:08.435897     |     Send ACK: 363
2021-11-03 14:04:08.436121     |     Gap: []
2021-11-03 14:04:08.440446     |     Receive Packet: 364
2021-11-03 14:04:08.440728     |     Send ACK: 364
2021-11-03 14:04:08.440806     |     Gap: []
2021-11-03 14:04:08.445971     |     Receive Packet: 365
2021-11-03 14:04:08.446941     |     Send ACK: 365
2021-11-03 14:04:08.447054     |     Gap: []
2021-11-03 14:04:08.451255     |     Receive Packet: 366
2021-11-03 14:04:08.451907     |     Send ACK: 366
2021-11-03 14:04:08.451998     |     Gap: []
2021-11-03 14:04:08.456462     |     Receive Packet: 367
2021-11-03 14:04:08.456674     |     Send ACK: 367
2021-11-03 14:04:08.456760     |     Gap: []
2021-11-03 14:04:08.461520     |     Receive Packet: 368
2021-11-03 14:04:08.462114     |     Send ACK: 368
2021-11-03 14:04:08.464270     |     Gap: []
2021-11-03 14:04:08.466860     |     Receive Packet: 369
2021-11-03 14:04:08.467543     |     Send ACK: 369
2021-11-03 14:04:08.467682     |     Gap: []
2021-11-03 14:04:08.471991     |     Receive Packet: 370
2021-11-03 14:04:08.472338     |     Send ACK: 370
2021-11-03 14:04:08.472414     |     Gap: []
2021-11-03 14:04:08.477196     |     Receive Packet: 371
2021-11-03 14:04:08.477518     |     Send ACK: 371
2021-11-03 14:04:08.477612     |     Gap: []
2021-11-03 14:04:08.482663     |     Receive Packet: 372
2021-11-03 14:04:08.483078     |     Send ACK: 372
2021-11-03 14:04:08.483164     |     Gap: []
2021-11-03 14:04:08.487694     |     Receive Packet: 373
2021-11-03 14:04:08.487959     |     Send ACK: 373
2021-11-03 14:04:08.488051     |     Gap: []
2021-11-03 14:04:08.492877     |     Receive Packet: 374
2021-11-03 14:04:08.493177     |     Send ACK: 374
2021-11-03 14:04:08.493279     |     Gap: []
2021-11-03 14:04:08.498349     |     Receive Packet: 375
2021-11-03 14:04:08.498639     |     Send ACK: 375
2021-11-03 14:04:08.498736     |     Gap: []
2021-11-03 14:04:08.503384     |     Receive Packet: 376
2021-11-03 14:04:08.503630     |     Send ACK: 376
2021-11-03 14:04:08.503697     |     Gap: []
2021-11-03 14:04:08.508579     |     Receive Packet: 377
2021-11-03 14:04:08.508928     |     Send ACK: 377
2021-11-03 14:04:08.509024     |     Gap: []
2021-11-03 14:04:08.513969     |     Receive Packet: 378
2021-11-03 14:04:08.514328     |     Send ACK: 378
2021-11-03 14:04:08.514633     |     Gap: []
2021-11-03 14:04:08.519113     |     Receive Packet: 379
2021-11-03 14:04:08.519358     |     Send ACK: 379
2021-11-03 14:04:08.519444     |     Gap: []
2021-11-03 14:04:08.524440     |     Receive Packet: 380
2021-11-03 14:04:08.524834     |     Send ACK: 380
2021-11-03 14:04:08.524931     |     Gap: []
2021-11-03 14:04:08.529784     |     Receive Packet: 381
2021-11-03 14:04:08.530591     |     Send ACK: 381
2021-11-03 14:04:08.530725     |     Gap: []
2021-11-03 14:04:08.535239     |     Receive Packet: 382
2021-11-03 14:04:08.535617     |     Send ACK: 382
2021-11-03 14:04:08.535697     |     Gap: []
2021-11-03 14:04:08.539958     |     Receive Packet: 383
2021-11-03 14:04:08.540220     |     Send ACK: 383
2021-11-03 14:04:08.540289     |     Gap: []
2021-11-03 14:04:08.545276     |     Receive Packet: S
2021-11-03 14:04:08.545308     |     Receive Sync Packet: S|b'344'
2021-11-03 14:04:08.545327     |     Send Sync Packet: b'S|344||'
2021-11-03 14:04:08.546075     |     Receive Packet: 384
2021-11-03 14:04:08.546662     |     Send ACK: 384
2021-11-03 14:04:08.546790     |     Gap: []
2021-11-03 14:04:08.550896     |     Receive Packet: 385
2021-11-03 14:04:08.551669     |     Send ACK: 385
2021-11-03 14:04:08.551907     |     Gap: []
2021-11-03 14:04:08.556637     |     Receive Packet: 386
2021-11-03 14:04:08.556970     |     Send ACK: 386
2021-11-03 14:04:08.557042     |     Gap: []
2021-11-03 14:04:08.561470     |     Receive Packet: 387
2021-11-03 14:04:08.562071     |     Send ACK: 387
2021-11-03 14:04:08.562235     |     Gap: []
2021-11-03 14:04:08.567312     |     Receive Packet: 388
2021-11-03 14:04:08.567950     |     Send ACK: 388
2021-11-03 14:04:08.568074     |     Gap: []
2021-11-03 14:04:08.572021     |     Receive Packet: 389
2021-11-03 14:04:08.572391     |     Send ACK: 389
2021-11-03 14:04:08.572515     |     Gap: []
2021-11-03 14:04:08.576971     |     Receive Packet: 390
2021-11-03 14:04:08.577280     |     Send ACK: 390
2021-11-03 14:04:08.577403     |     Gap: []
2021-11-03 14:04:08.582500     |     Receive Packet: 391
2021-11-03 14:04:08.582873     |     Send ACK: 391
2021-11-03 14:04:08.583046     |     Gap: []
2021-11-03 14:04:08.587476     |     Receive Packet: 392
2021-11-03 14:04:08.587733     |     Send ACK: 392
2021-11-03 14:04:08.587823     |     Gap: []
2021-11-03 14:04:08.592869     |     Receive Packet: 393
2021-11-03 14:04:08.593239     |     Send ACK: 393
2021-11-03 14:04:08.593321     |     Gap: []
2021-11-03 14:04:08.598077     |     Receive Packet: 394
2021-11-03 14:04:08.598523     |     Send ACK: 394
2021-11-03 14:04:08.598605     |     Gap: []
2021-11-03 14:04:08.603164     |     Receive Packet: 395
2021-11-03 14:04:08.603415     |     Send ACK: 395
2021-11-03 14:04:08.603484     |     Gap: []
2021-11-03 14:04:08.608429     |     Receive Packet: 396
2021-11-03 14:04:08.608699     |     Send ACK: 396
2021-11-03 14:04:08.608840     |     Gap: []
2021-11-03 14:04:08.614767     |     Receive Packet: 397
2021-11-03 14:04:08.615116     |     Send ACK: 397
2021-11-03 14:04:08.615211     |     Gap: []
2021-11-03 14:04:08.619455     |     Receive Packet: 398
2021-11-03 14:04:08.619790     |     Send ACK: 398
2021-11-03 14:04:08.619885     |     Gap: []
2021-11-03 14:04:08.624750     |     Receive Packet: 399
2021-11-03 14:04:08.625011     |     Send ACK: 399
2021-11-03 14:04:08.625105     |     Gap: []
2021-11-03 14:04:08.630590     |     Receive Packet: 400
2021-11-03 14:04:08.631353     |     Send ACK: 400
2021-11-03 14:04:08.631468     |     Gap: []
2021-11-03 14:04:08.635202     |     Receive Packet: 401
2021-11-03 14:04:08.635575     |     Send ACK: 401
2021-11-03 14:04:08.635738     |     Gap: []
2021-11-03 14:04:08.640432     |     Receive Packet: 402
2021-11-03 14:04:08.640775     |     Send ACK: 402
2021-11-03 14:04:08.640862     |     Gap: []
2021-11-03 14:04:08.645553     |     Receive Packet: 403
2021-11-03 14:04:08.647315     |     Send ACK: 403
2021-11-03 14:04:08.647427     |     Gap: []
2021-11-03 14:04:08.651628     |     Receive Packet: 404
2021-11-03 14:04:08.652029     |     Send ACK: 404
2021-11-03 14:04:08.652149     |     Gap: []
2021-11-03 14:04:08.661817     |     Receive Packet: 406
2021-11-03 14:04:08.662192     |     Send ACK: 406
2021-11-03 14:04:08.662490     |     Gap: [405]
2021-11-03 14:04:08.667633     |     Receive Packet: 407
2021-11-03 14:04:08.668285     |     Send ACK: 407
2021-11-03 14:04:08.668437     |     Gap: [405]
2021-11-03 14:04:08.672145     |     Receive Packet: 408
2021-11-03 14:04:08.672515     |     Send ACK: 408
2021-11-03 14:04:08.672675     |     Gap: [405]
2021-11-03 14:04:08.677095     |     Receive Packet: 409
2021-11-03 14:04:08.677394     |     Send ACK: 409
2021-11-03 14:04:08.677534     |     Gap: [405]
2021-11-03 14:04:08.682454     |     Receive Packet: 410
2021-11-03 14:04:08.682837     |     Send ACK: 410
2021-11-03 14:04:08.682935     |     Gap: [405]
2021-11-03 14:04:08.687474     |     Receive Packet: 411
2021-11-03 14:04:08.687726     |     Send ACK: 411
2021-11-03 14:04:08.687827     |     Gap: [405]
2021-11-03 14:04:08.692786     |     Receive Packet: 412
2021-11-03 14:04:08.693470     |     Send ACK: 412
2021-11-03 14:04:08.693587     |     Gap: [405]
2021-11-03 14:04:08.698232     |     Receive Packet: 413
2021-11-03 14:04:08.698790     |     Send ACK: 413
2021-11-03 14:04:08.698892     |     Gap: [405]
2021-11-03 14:04:08.703083     |     Receive Packet: 414
2021-11-03 14:04:08.703384     |     Send ACK: 414
2021-11-03 14:04:08.703547     |     Gap: [405]
2021-11-03 14:04:08.708360     |     Receive Packet: 415
2021-11-03 14:04:08.708670     |     Send ACK: 415
2021-11-03 14:04:08.708786     |     Gap: [405]
2021-11-03 14:04:08.715470     |     Receive Packet: 416
2021-11-03 14:04:08.715782     |     Send ACK: 416
2021-11-03 14:04:08.715874     |     Gap: [405]
2021-11-03 14:04:08.719620     |     Receive Packet: 417
2021-11-03 14:04:08.720225     |     Send ACK: 417
2021-11-03 14:04:08.720334     |     Gap: [405]
2021-11-03 14:04:08.724946     |     Receive Packet: 418
2021-11-03 14:04:08.725239     |     Send ACK: 418
2021-11-03 14:04:08.725305     |     Gap: [405]
2021-11-03 14:04:08.736447     |     Receive Packet: 420
2021-11-03 14:04:08.736784     |     Send ACK: 420
2021-11-03 14:04:08.736880     |     Gap: [405, 419]
2021-11-03 14:04:08.741047     |     Receive Packet: 421
2021-11-03 14:04:08.741285     |     Send ACK: 421
2021-11-03 14:04:08.741384     |     Gap: [405, 419]
2021-11-03 14:04:08.746994     |     Receive Packet: 422
2021-11-03 14:04:08.747702     |     Send ACK: 422
2021-11-03 14:04:08.747834     |     Gap: [405, 419]
2021-11-03 14:04:08.751651     |     Receive Packet: 423
2021-11-03 14:04:08.751846     |     Send ACK: 423
2021-11-03 14:04:08.751950     |     Gap: [405, 419]
2021-11-03 14:04:08.756776     |     Receive Packet: 424
2021-11-03 14:04:08.757023     |     Send ACK: 424
2021-11-03 14:04:08.757124     |     Gap: [405, 419]
2021-11-03 14:04:08.763804     |     Receive Packet: 425
2021-11-03 14:04:08.764659     |     Send ACK: 425
2021-11-03 14:04:08.764768     |     Gap: [405, 419]
2021-11-03 14:04:08.767965     |     Receive Packet: 426
2021-11-03 14:04:08.768755     |     Send ACK: 426
2021-11-03 14:04:08.769025     |     Gap: [405, 419]
2021-11-03 14:04:08.772571     |     Receive Packet: 427
2021-11-03 14:04:08.772872     |     Send ACK: 427
2021-11-03 14:04:08.772974     |     Gap: [405, 419]
2021-11-03 14:04:08.777782     |     Receive Packet: 428
2021-11-03 14:04:08.778117     |     Send ACK: 428
2021-11-03 14:04:08.778208     |     Gap: [405, 419]
2021-11-03 14:04:08.783179     |     Receive Packet: 429
2021-11-03 14:04:08.783446     |     Send ACK: 429
2021-11-03 14:04:08.783545     |     Gap: [405, 419]
2021-11-03 14:04:08.788364     |     Receive Packet: 430
2021-11-03 14:04:08.788685     |     Send ACK: 430
2021-11-03 14:04:08.788778     |     Gap: [405, 419]
2021-11-03 14:04:08.793459     |     Receive Packet: 431
2021-11-03 14:04:08.793759     |     Send ACK: 431
2021-11-03 14:04:08.793871     |     Gap: [405, 419]
2021-11-03 14:04:08.798963     |     Receive Packet: 432
2021-11-03 14:04:08.799234     |     Send ACK: 432
2021-11-03 14:04:08.799346     |     Gap: [405, 419]
2021-11-03 14:04:08.804162     |     Receive Packet: 433
2021-11-03 14:04:08.804581     |     Send ACK: 433
2021-11-03 14:04:08.804673     |     Gap: [405, 419]
2021-11-03 14:04:08.809400     |     Receive Packet: 434
2021-11-03 14:04:08.809612     |     Send ACK: 434
2021-11-03 14:04:08.809707     |     Gap: [405, 419]
2021-11-03 14:04:08.814459     |     Receive Packet: 435
2021-11-03 14:04:08.814843     |     Send ACK: 435
2021-11-03 14:04:08.814983     |     Gap: [405, 419]
2021-11-03 14:04:08.819658     |     Receive Packet: 436
2021-11-03 14:04:08.819893     |     Send ACK: 436
2021-11-03 14:04:08.819986     |     Gap: [405, 419]
2021-11-03 14:04:08.824876     |     Receive Packet: 437
2021-11-03 14:04:08.825105     |     Send ACK: 437
2021-11-03 14:04:08.825173     |     Gap: [405, 419]
2021-11-03 14:04:08.830515     |     Receive Packet: 438
2021-11-03 14:04:08.831051     |     Send ACK: 438
2021-11-03 14:04:08.831161     |     Gap: [405, 419]
2021-11-03 14:04:08.835447     |     Receive Packet: 439
2021-11-03 14:04:08.835780     |     Send ACK: 439
2021-11-03 14:04:08.835876     |     Gap: [405, 419]
2021-11-03 14:04:08.843667     |     Receive Packet: 440
2021-11-03 14:04:08.843956     |     Send ACK: 440
2021-11-03 14:04:08.844060     |     Gap: [405, 419]
2021-11-03 14:04:08.849129     |     Receive Packet: 441
2021-11-03 14:04:08.850261     |     Send ACK: 441
2021-11-03 14:04:08.850412     |     Gap: [405, 419]
2021-11-03 14:04:08.853746     |     Receive Packet: 442
2021-11-03 14:04:08.854035     |     Send ACK: 442
2021-11-03 14:04:08.854140     |     Gap: [405, 419]
2021-11-03 14:04:08.858700     |     Receive Packet: 443
2021-11-03 14:04:08.859015     |     Send ACK: 443
2021-11-03 14:04:08.859120     |     Gap: [405, 419]
2021-11-03 14:04:08.864419     |     Receive Packet: 444
2021-11-03 14:04:08.864817     |     Send ACK: 444
2021-11-03 14:04:08.864976     |     Gap: [405, 419]
2021-11-03 14:04:08.872267     |     Receive Packet: S
2021-11-03 14:04:08.872294     |     Receive Sync Packet: S|b'405'
2021-11-03 14:04:08.872311     |     Send Sync Packet: b'S|405||405'
2021-11-03 14:04:08.872621     |     Receive Packet: 445
2021-11-03 14:04:08.872868     |     Send ACK: 445
2021-11-03 14:04:08.873042     |     Gap: [405, 419]
2021-11-03 14:04:08.877244     |     Receive Packet: 446
2021-11-03 14:04:08.877485     |     Send ACK: 446
2021-11-03 14:04:08.877589     |     Gap: [405, 419]
2021-11-03 14:04:08.883126     |     Receive Packet: 447
2021-11-03 14:04:08.883366     |     Send ACK: 447
2021-11-03 14:04:08.883434     |     Gap: [405, 419]
2021-11-03 14:04:08.887830     |     Receive Packet: 448
2021-11-03 14:04:08.888169     |     Send ACK: 448
2021-11-03 14:04:08.888267     |     Gap: [405, 419]
2021-11-03 14:04:08.893147     |     Receive Packet: 449
2021-11-03 14:04:08.893388     |     Send ACK: 449
2021-11-03 14:04:08.893459     |     Gap: [405, 419]
2021-11-03 14:04:08.898503     |     Receive Packet: 450
2021-11-03 14:04:08.898810     |     Send ACK: 450
2021-11-03 14:04:08.898912     |     Gap: [405, 419]
2021-11-03 14:04:08.903524     |     Receive Packet: 451
2021-11-03 14:04:08.903852     |     Send ACK: 451
2021-11-03 14:04:08.903965     |     Gap: [405, 419]
2021-11-03 14:04:08.908743     |     Receive Packet: 452
2021-11-03 14:04:08.908951     |     Send ACK: 452
2021-11-03 14:04:08.909041     |     Gap: [405, 419]
2021-11-03 14:04:08.914090     |     Receive Packet: 453
2021-11-03 14:04:08.914536     |     Send ACK: 453
2021-11-03 14:04:08.914715     |     Gap: [405, 419]
2021-11-03 14:04:08.919359     |     Receive Packet: 454
2021-11-03 14:04:08.920032     |     Send ACK: 454
2021-11-03 14:04:08.920169     |     Gap: [405, 419]
2021-11-03 14:04:08.924469     |     Receive Packet: 455
2021-11-03 14:04:08.924734     |     Send ACK: 455
2021-11-03 14:04:08.924894     |     Gap: [405, 419]
2021-11-03 14:04:08.929799     |     Receive Packet: 456
2021-11-03 14:04:08.930518     |     Send ACK: 456
2021-11-03 14:04:08.930645     |     Gap: [405, 419]
2021-11-03 14:04:08.935530     |     Receive Packet: 457
2021-11-03 14:04:08.936246     |     Send ACK: 457
2021-11-03 14:04:08.936426     |     Gap: [405, 419]
2021-11-03 14:04:08.940186     |     Receive Packet: 458
2021-11-03 14:04:08.940504     |     Send ACK: 458
2021-11-03 14:04:08.940640     |     Gap: [405, 419]
2021-11-03 14:04:08.951457     |     Receive Packet: S
2021-11-03 14:04:08.951517     |     Receive Sync Packet: S|b'419|420'
2021-11-03 14:04:08.951548     |     Send Sync Packet: b'S|419|420||419'
2021-11-03 14:04:08.952051     |     Receive Packet: 459
2021-11-03 14:04:08.952540     |     Send ACK: 459
2021-11-03 14:04:08.952633     |     Gap: [405, 419]
2021-11-03 14:04:08.956533     |     Receive Packet: 460
2021-11-03 14:04:08.956779     |     Send ACK: 460
2021-11-03 14:04:08.956858     |     Gap: [405, 419]
2021-11-03 14:04:08.961965     |     Receive Packet: 461
2021-11-03 14:04:08.962456     |     Send ACK: 461
2021-11-03 14:04:08.962578     |     Gap: [405, 419]
2021-11-03 14:04:08.968404     |     Receive Packet: 462
2021-11-03 14:04:08.969052     |     Send ACK: 462
2021-11-03 14:04:08.969152     |     Gap: [405, 419]
2021-11-03 14:04:08.972328     |     Receive Packet: 463
2021-11-03 14:04:08.972644     |     Send ACK: 463
2021-11-03 14:04:08.972743     |     Gap: [405, 419]
2021-11-03 14:04:08.977484     |     Receive Packet: 464
2021-11-03 14:04:08.977829     |     Send ACK: 464
2021-11-03 14:04:08.977939     |     Gap: [405, 419]
2021-11-03 14:04:08.983276     |     Receive Packet: 465
2021-11-03 14:04:08.984026     |     Send ACK: 465
2021-11-03 14:04:08.984159     |     Gap: [405, 419]
2021-11-03 14:04:08.988025     |     Receive Packet: 466
2021-11-03 14:04:08.988308     |     Send ACK: 466
2021-11-03 14:04:08.988408     |     Gap: [405, 419]
2021-11-03 14:04:08.993564     |     Receive Packet: 467
2021-11-03 14:04:08.993923     |     Send ACK: 467
2021-11-03 14:04:08.994032     |     Gap: [405, 419]
2021-11-03 14:04:08.998494     |     Receive Packet: 468
2021-11-03 14:04:08.998825     |     Send ACK: 468
2021-11-03 14:04:08.998946     |     Gap: [405, 419]
2021-11-03 14:04:09.003663     |     Receive Packet: 469
2021-11-03 14:04:09.004036     |     Send ACK: 469
2021-11-03 14:04:09.004156     |     Gap: [405, 419]
2021-11-03 14:04:09.009163     |     Receive Packet: 470
2021-11-03 14:04:09.009676     |     Send ACK: 470
2021-11-03 14:04:09.009780     |     Gap: [405, 419]
2021-11-03 14:04:09.014657     |     Receive Packet: 471
2021-11-03 14:04:09.015003     |     Send ACK: 471
2021-11-03 14:04:09.015126     |     Gap: [405, 419]
2021-11-03 14:04:09.019422     |     Receive Packet: 472
2021-11-03 14:04:09.019773     |     Send ACK: 472
2021-11-03 14:04:09.019885     |     Gap: [405, 419]
2021-11-03 14:04:09.024935     |     Receive Packet: 473
2021-11-03 14:04:09.025153     |     Send ACK: 473
2021-11-03 14:04:09.025251     |     Gap: [405, 419]
2021-11-03 14:04:09.030726     |     Receive Packet: 474
2021-11-03 14:04:09.031135     |     Send ACK: 474
2021-11-03 14:04:09.031266     |     Gap: [405, 419]
2021-11-03 14:04:09.035254     |     Receive Packet: 475
2021-11-03 14:04:09.035596     |     Send ACK: 475
2021-11-03 14:04:09.035704     |     Gap: [405, 419]
2021-11-03 14:04:09.040573     |     Receive Packet: 476
2021-11-03 14:04:09.040877     |     Send ACK: 476
2021-11-03 14:04:09.040979     |     Gap: [405, 419]
2021-11-03 14:04:09.045711     |     Receive Packet: 477
2021-11-03 14:04:09.046231     |     Send ACK: 477
2021-11-03 14:04:09.046396     |     Gap: [405, 419]
2021-11-03 14:04:09.051085     |     Receive Packet: 478
2021-11-03 14:04:09.051532     |     Send ACK: 478
2021-11-03 14:04:09.051654     |     Gap: [405, 419]
2021-11-03 14:04:09.055975     |     Receive Packet: 479
2021-11-03 14:04:09.056238     |     Send ACK: 479
2021-11-03 14:04:09.056336     |     Gap: [405, 419]
2021-11-03 14:04:09.061145     |     Receive Packet: 480
2021-11-03 14:04:09.061571     |     Send ACK: 480
2021-11-03 14:04:09.061944     |     Gap: [405, 419]
2021-11-03 14:04:09.066565     |     Receive Packet: 481
2021-11-03 14:04:09.067226     |     Send ACK: 481
2021-11-03 14:04:09.067394     |     Gap: [405, 419]
2021-11-03 14:04:09.071706     |     Receive Packet: 482
2021-11-03 14:04:09.072045     |     Send ACK: 482
2021-11-03 14:04:09.072157     |     Gap: [405, 419]
2021-11-03 14:04:09.076873     |     Receive Packet: 483
2021-11-03 14:04:09.077110     |     Send ACK: 483
2021-11-03 14:04:09.077189     |     Gap: [405, 419]
2021-11-03 14:04:09.082388     |     Receive Packet: 484
2021-11-03 14:04:09.082796     |     Send ACK: 484
2021-11-03 14:04:09.083182     |     Gap: [405, 419]
2021-11-03 14:04:09.087447     |     Receive Packet: 405
2021-11-03 14:04:09.087726     |     Send ACK: 405
2021-11-03 14:04:09.087836     |     Gap: [419]
2021-11-03 14:04:09.092632     |     Receive Packet: 485
2021-11-03 14:04:09.092906     |     Send ACK: 485
2021-11-03 14:04:09.093109     |     Gap: [419]
2021-11-03 14:04:09.098104     |     Receive Packet: 486
2021-11-03 14:04:09.098401     |     Send ACK: 486
2021-11-03 14:04:09.098489     |     Gap: [419]
2021-11-03 14:04:09.103092     |     Receive Packet: 487
2021-11-03 14:04:09.103305     |     Send ACK: 487
2021-11-03 14:04:09.103411     |     Gap: [419]
2021-11-03 14:04:09.108314     |     Receive Packet: 488
2021-11-03 14:04:09.108632     |     Send ACK: 488
2021-11-03 14:04:09.108756     |     Gap: [419]
2021-11-03 14:04:09.113849     |     Receive Packet: 489
2021-11-03 14:04:09.114309     |     Send ACK: 489
2021-11-03 14:04:09.114438     |     Gap: [419]
2021-11-03 14:04:09.118892     |     Receive Packet: 490
2021-11-03 14:04:09.119330     |     Send ACK: 490
2021-11-03 14:04:09.119446     |     Gap: [419]
2021-11-03 14:04:09.124027     |     Receive Packet: 491
2021-11-03 14:04:09.124303     |     Send ACK: 491
2021-11-03 14:04:09.124417     |     Gap: [419]
2021-11-03 14:04:09.129412     |     Receive Packet: 492
2021-11-03 14:04:09.130053     |     Send ACK: 492
2021-11-03 14:04:09.130284     |     Gap: [419]
2021-11-03 14:04:09.134899     |     Receive Packet: 493
2021-11-03 14:04:09.135394     |     Send ACK: 493
2021-11-03 14:04:09.135502     |     Gap: [419]
2021-11-03 14:04:09.139765     |     Receive Packet: 494
2021-11-03 14:04:09.140050     |     Send ACK: 494
2021-11-03 14:04:09.140156     |     Gap: [419]
2021-11-03 14:04:09.145115     |     Receive Packet: 495
2021-11-03 14:04:09.145690     |     Send ACK: 495
2021-11-03 14:04:09.145957     |     Gap: [419]
2021-11-03 14:04:09.150695     |     Receive Packet: 496
2021-11-03 14:04:09.151466     |     Send ACK: 496
2021-11-03 14:04:09.151602     |     Gap: [419]
2021-11-03 14:04:09.155487     |     Receive Packet: 497
2021-11-03 14:04:09.155758     |     Send ACK: 497
2021-11-03 14:04:09.155849     |     Gap: [419]
2021-11-03 14:04:09.160619     |     Receive Packet: 498
2021-11-03 14:04:09.160846     |     Send ACK: 498
2021-11-03 14:04:09.160966     |     Gap: [419]
2021-11-03 14:04:09.166139     |     Receive Packet: 419
2021-11-03 14:04:09.167882     |     Send ACK: 419
2021-11-03 14:04:09.167985     |     Gap: []
2021-11-03 14:04:09.171188     |     Receive Packet: 499
2021-11-03 14:04:09.171442     |     Send ACK: 499
2021-11-03 14:04:09.171562     |     Gap: []
2021-11-03 14:04:09.176364     |     Receive Packet: 500
2021-11-03 14:04:09.176586     |     Send ACK: 500
2021-11-03 14:04:09.176696     |     Gap: []
2021-11-03 14:04:09.181833     |     Receive Packet: 501
2021-11-03 14:04:09.182235     |     Send ACK: 501
2021-11-03 14:04:09.182367     |     Gap: []
2021-11-03 14:04:09.186843     |     Receive Packet: 502
2021-11-03 14:04:09.187102     |     Send ACK: 502
2021-11-03 14:04:09.187214     |     Gap: []
2021-11-03 14:04:09.192004     |     Receive Packet: 503
2021-11-03 14:04:09.192203     |     Send ACK: 503
2021-11-03 14:04:09.192313     |     Gap: []
2021-11-03 14:04:09.198861     |     Receive Packet: 504
2021-11-03 14:04:09.199477     |     Send ACK: 504
2021-11-03 14:04:09.199595     |     Gap: []
2021-11-03 14:04:09.202785     |     Receive Packet: 505
2021-11-03 14:04:09.203052     |     Send ACK: 505
2021-11-03 14:04:09.203156     |     Gap: []
2021-11-03 14:04:09.207715     |     Receive Packet: 506
2021-11-03 14:04:09.207972     |     Send ACK: 506
2021-11-03 14:04:09.208084     |     Gap: []
2021-11-03 14:04:09.212989     |     Receive Packet: 507
2021-11-03 14:04:09.213355     |     Send ACK: 507
2021-11-03 14:04:09.213552     |     Gap: []
2021-11-03 14:04:09.218554     |     Receive Packet: 508
2021-11-03 14:04:09.218872     |     Send ACK: 508
2021-11-03 14:04:09.218981     |     Gap: []
2021-11-03 14:04:09.223408     |     Receive Packet: 509
2021-11-03 14:04:09.223632     |     Send ACK: 509
2021-11-03 14:04:09.223748     |     Gap: []
2021-11-03 14:04:09.228719     |     Receive Packet: 510
2021-11-03 14:04:09.232066     |     Send ACK: 510
2021-11-03 14:04:09.232326     |     Gap: []
2021-11-03 14:04:09.234312     |     Receive Packet: 511
2021-11-03 14:04:09.234811     |     Send ACK: 511
2021-11-03 14:04:09.234931     |     Gap: []
2021-11-03 14:04:09.239124     |     Receive Packet: 512
2021-11-03 14:04:09.239409     |     Send ACK: 512
2021-11-03 14:04:09.239521     |     Gap: []
2021-11-03 14:04:09.244244     |     Receive Packet: 513
2021-11-03 14:04:09.244525     |     Send ACK: 513
2021-11-03 14:04:09.244649     |     Gap: []
2021-11-03 14:04:09.249816     |     Receive Packet: 514
2021-11-03 14:04:09.250085     |     Send ACK: 514
2021-11-03 14:04:09.250206     |     Gap: []
2021-11-03 14:04:09.254923     |     Receive Packet: 515
2021-11-03 14:04:09.255286     |     Send ACK: 515
2021-11-03 14:04:09.255410     |     Gap: []
2021-11-03 14:04:09.260005     |     Receive Packet: 516
2021-11-03 14:04:09.260246     |     Send ACK: 516
2021-11-03 14:04:09.260358     |     Gap: []
2021-11-03 14:04:09.265531     |     Receive Packet: 517
2021-11-03 14:04:09.265907     |     Send ACK: 517
2021-11-03 14:04:09.266022     |     Gap: []
2021-11-03 14:04:09.270633     |     Receive Packet: 518
2021-11-03 14:04:09.270888     |     Send ACK: 518
2021-11-03 14:04:09.270992     |     Gap: []
2021-11-03 14:04:09.275757     |     Receive Packet: 519
2021-11-03 14:04:09.276012     |     Send ACK: 519
2021-11-03 14:04:09.276126     |     Gap: []
2021-11-03 14:04:09.281193     |     Receive Packet: 520
2021-11-03 14:04:09.281717     |     Send ACK: 520
2021-11-03 14:04:09.281851     |     Gap: []
2021-11-03 14:04:09.286713     |     Receive Packet: 521
2021-11-03 14:04:09.287187     |     Send ACK: 521
2021-11-03 14:04:09.287308     |     Gap: []
2021-11-03 14:04:09.291519     |     Receive Packet: 522
2021-11-03 14:04:09.291818     |     Send ACK: 522
2021-11-03 14:04:09.291930     |     Gap: []
2021-11-03 14:04:09.296919     |     Receive Packet: 523
2021-11-03 14:04:09.297858     |     Send ACK: 523
2021-11-03 14:04:09.298094     |     Gap: []
2021-11-03 14:04:09.302188     |     Receive Packet: 524
2021-11-03 14:04:09.302539     |     Send ACK: 524
2021-11-03 14:04:09.302659     |     Gap: []
2021-11-03 14:04:09.307465     |     Receive Packet: 525
2021-11-03 14:04:09.307842     |     Send ACK: 525
2021-11-03 14:04:09.307946     |     Gap: []
2021-11-03 14:04:09.312635     |     Receive Packet: 526
2021-11-03 14:04:09.313176     |     Send ACK: 526
2021-11-03 14:04:09.313365     |     Gap: []
2021-11-03 14:04:09.318049     |     Receive Packet: 527
2021-11-03 14:04:09.318607     |     Send ACK: 527
2021-11-03 14:04:09.318715     |     Gap: []
2021-11-03 14:04:09.322999     |     Receive Packet: 528
2021-11-03 14:04:09.323277     |     Send ACK: 528
2021-11-03 14:04:09.323381     |     Gap: []
2021-11-03 14:04:09.328148     |     Receive Packet: 529
2021-11-03 14:04:09.328661     |     Send ACK: 529
2021-11-03 14:04:09.328792     |     Gap: []
2021-11-03 14:04:09.334068     |     Receive Packet: 530
2021-11-03 14:04:09.334783     |     Send ACK: 530
2021-11-03 14:04:09.335157     |     Gap: []
2021-11-03 14:04:09.338684     |     Receive Packet: 531
2021-11-03 14:04:09.338976     |     Send ACK: 531
2021-11-03 14:04:09.339069     |     Gap: []
2021-11-03 14:04:09.343796     |     Receive Packet: S
2021-11-03 14:04:09.343831     |     Receive Sync Packet: S|b'492'
2021-11-03 14:04:09.343850     |     Send Sync Packet: b'S|492||'
2021-11-03 14:04:09.344318     |     Receive Packet: 532
2021-11-03 14:04:09.344548     |     Send ACK: 532
2021-11-03 14:04:09.344676     |     Gap: []
2021-11-03 14:04:09.349420     |     Receive Packet: 533
2021-11-03 14:04:09.349848     |     Send ACK: 533
2021-11-03 14:04:09.349993     |     Gap: []
2021-11-03 14:04:09.354722     |     Receive Packet: 534
2021-11-03 14:04:09.356241     |     Send ACK: 534
2021-11-03 14:04:09.356425     |     Gap: []
2021-11-03 14:04:09.359616     |     Receive Packet: 535
2021-11-03 14:04:09.359848     |     Send ACK: 535
2021-11-03 14:04:09.359964     |     Gap: []
2021-11-03 14:04:09.364891     |     Receive Packet: 536
2021-11-03 14:04:09.365287     |     Send ACK: 536
2021-11-03 14:04:09.365412     |     Gap: []
2021-11-03 14:04:09.370168     |     Receive Packet: 537
2021-11-03 14:04:09.370590     |     Send ACK: 537
2021-11-03 14:04:09.370747     |     Gap: []
2021-11-03 14:04:09.375270     |     Receive Packet: 538
2021-11-03 14:04:09.375507     |     Send ACK: 538
2021-11-03 14:04:09.375596     |     Gap: []
2021-11-03 14:04:09.380628     |     Receive Packet: 539
2021-11-03 14:04:09.381075     |     Send ACK: 539
2021-11-03 14:04:09.381228     |     Gap: []
2021-11-03 14:04:09.385899     |     Receive Packet: 540
2021-11-03 14:04:09.386278     |     Send ACK: 540
2021-11-03 14:04:09.386423     |     Gap: []
2021-11-03 14:04:09.391034     |     Receive Packet: 541
2021-11-03 14:04:09.391274     |     Send ACK: 541
2021-11-03 14:04:09.391401     |     Gap: []
2021-11-03 14:04:09.396421     |     Receive Packet: 542
2021-11-03 14:04:09.397681     |     Send ACK: 542
2021-11-03 14:04:09.397837     |     Gap: []
2021-11-03 14:04:09.401733     |     Receive Packet: 543
2021-11-03 14:04:09.402091     |     Send ACK: 543
2021-11-03 14:04:09.402205     |     Gap: []
2021-11-03 14:04:09.407809     |     Receive Packet: 544
2021-11-03 14:04:09.408091     |     Send ACK: 544
2021-11-03 14:04:09.408198     |     Gap: []
2021-11-03 14:04:09.412652     |     Receive Packet: 545
2021-11-03 14:04:09.413035     |     Send ACK: 545
2021-11-03 14:04:09.413287     |     Gap: []
2021-11-03 14:04:09.418157     |     Receive Packet: 546
2021-11-03 14:04:09.418617     |     Send ACK: 546
2021-11-03 14:04:09.418722     |     Gap: []
2021-11-03 14:04:09.423102     |     Receive Packet: 547
2021-11-03 14:04:09.423440     |     Send ACK: 547
2021-11-03 14:04:09.423637     |     Gap: []
2021-11-03 14:04:09.428429     |     Receive Packet: 548
2021-11-03 14:04:09.428788     |     Send ACK: 548
2021-11-03 14:04:09.429074     |     Gap: []
2021-11-03 14:04:09.434136     |     Receive Packet: 549
2021-11-03 14:04:09.434787     |     Send ACK: 549
2021-11-03 14:04:09.434917     |     Gap: []
2021-11-03 14:04:09.438736     |     Receive Packet: 550
2021-11-03 14:04:09.439009     |     Send ACK: 550
2021-11-03 14:04:09.439129     |     Gap: []
2021-11-03 14:04:09.443858     |     Receive Packet: 551
2021-11-03 14:04:09.444147     |     Send ACK: 551
2021-11-03 14:04:09.444276     |     Gap: []
2021-11-03 14:04:09.449388     |     Receive Packet: 552
2021-11-03 14:04:09.449663     |     Send ACK: 552
2021-11-03 14:04:09.449990     |     Gap: []
2021-11-03 14:04:09.454512     |     Receive Packet: 553
2021-11-03 14:04:09.454774     |     Send ACK: 553
2021-11-03 14:04:09.454885     |     Gap: []
2021-11-03 14:04:09.459634     |     Receive Packet: 554
2021-11-03 14:04:09.459947     |     Send ACK: 554
2021-11-03 14:04:09.460057     |     Gap: []
2021-11-03 14:04:09.464985     |     Receive Packet: 555
2021-11-03 14:04:09.465252     |     Send ACK: 555
2021-11-03 14:04:09.465383     |     Gap: []
2021-11-03 14:04:09.470291     |     Receive Packet: 556
2021-11-03 14:04:09.470654     |     Send ACK: 556
2021-11-03 14:04:09.470784     |     Gap: []
2021-11-03 14:04:09.475457     |     Receive Packet: 557
2021-11-03 14:04:09.475764     |     Send ACK: 557
2021-11-03 14:04:09.475900     |     Gap: []
2021-11-03 14:04:09.481062     |     Receive Packet: 558
2021-11-03 14:04:09.481621     |     Send ACK: 558
2021-11-03 14:04:09.481807     |     Gap: []
2021-11-03 14:04:09.486004     |     Receive Packet: 559
2021-11-03 14:04:09.486514     |     Send ACK: 559
2021-11-03 14:04:09.486659     |     Gap: []
2021-11-03 14:04:09.491404     |     Receive Packet: 560
2021-11-03 14:04:09.491684     |     Send ACK: 560
2021-11-03 14:04:09.491944     |     Gap: []
2021-11-03 14:04:09.497086     |     Receive Packet: 561
2021-11-03 14:04:09.497799     |     Send ACK: 561
2021-11-03 14:04:09.497925     |     Gap: []
2021-11-03 14:04:09.502349     |     Receive Packet: 562
2021-11-03 14:04:09.502786     |     Send ACK: 562
2021-11-03 14:04:09.502925     |     Gap: []
2021-11-03 14:04:09.507835     |     Receive Packet: 563
2021-11-03 14:04:09.508139     |     Send ACK: 563
2021-11-03 14:04:09.508284     |     Gap: []
2021-11-03 14:04:09.513808     |     Receive Packet: 564
2021-11-03 14:04:09.514455     |     Send ACK: 564
2021-11-03 14:04:09.514597     |     Gap: []
2021-11-03 14:04:09.518217     |     Receive Packet: 565
2021-11-03 14:04:09.518642     |     Send ACK: 565
2021-11-03 14:04:09.518835     |     Gap: []
2021-11-03 14:04:09.523402     |     Receive Packet: 566
2021-11-03 14:04:09.523698     |     Send ACK: 566
2021-11-03 14:04:09.523823     |     Gap: []
2021-11-03 14:04:09.528653     |     Receive Packet: 567
2021-11-03 14:04:09.528977     |     Send ACK: 567
2021-11-03 14:04:09.529251     |     Gap: []
2021-11-03 14:04:09.534723     |     Receive Packet: 568
2021-11-03 14:04:09.535140     |     Send ACK: 568
2021-11-03 14:04:09.535377     |     Gap: []
2021-11-03 14:04:09.539051     |     Receive Packet: 569
2021-11-03 14:04:09.539283     |     Send ACK: 569
2021-11-03 14:04:09.539409     |     Gap: []
2021-11-03 14:04:09.745874     |     Receive Packet: E
2021-11-03 14:04:09.746166     |     Send ACK: E
2021-11-03 14:04:09.773496     |     Close the connection: 2

2021-11-03 14:04:09.773652     |     ACKed Packets (#570): [0, 1, 2, 3, 4, 5, 6, 7, 8, 9, 10, 11, 12, 13, 14, 15, 16, 17, 18, 19, 20, 21, 22, 23, 24, 25, 26, 27, 28, 29, 30, 31, 32, 33, 34, 35, 36, 37, 38, 39, 40, 41, 42, 43, 44, 45, 46, 47, 48, 49, 50, 51, 52, 53, 54, 55, 56, 57, 58, 59, 60, 61, 62, 63, 64, 65, 66, 67, 68, 69, 70, 71, 72, 73, 74, 75, 76, 77, 78, 79, 80, 81, 82, 83, 84, 85, 86, 87, 88, 89, 90, 91, 92, 93, 94, 95, 96, 97, 98, 99, 100, 101, 102, 103, 104, 105, 106, 107, 108, 109, 110, 111, 112, 113, 114, 115, 116, 117, 118, 119, 120, 121, 122, 123, 124, 125, 126, 127, 128, 129, 130, 131, 132, 133, 134, 135, 136, 137, 138, 139, 140, 141, 142, 143, 144, 145, 146, 147, 148, 149, 150, 151, 152, 153, 154, 155, 156, 157, 158, 159, 160, 161, 162, 163, 164, 165, 166, 167, 168, 169, 170, 171, 172, 173, 174, 175, 176, 177, 178, 179, 180, 181, 182, 183, 184, 185, 186, 187, 188, 189, 190, 191, 192, 193, 194, 195, 196, 197, 198, 199, 200, 201, 202, 203, 204, 205, 206, 207, 208, 209, 210, 211, 212, 213, 214, 215, 216, 217, 218, 219, 220, 221, 222, 223, 224, 225, 226, 227, 228, 229, 230, 231, 232, 233, 234, 235, 236, 237, 238, 239, 240, 241, 242, 243, 244, 245, 246, 247, 248, 249, 250, 251, 252, 253, 254, 255, 256, 257, 258, 259, 260, 261, 262, 263, 264, 265, 266, 267, 268, 269, 270, 271, 272, 273, 274, 275, 276, 277, 278, 279, 280, 281, 282, 283, 284, 285, 286, 287, 288, 289, 290, 291, 292, 293, 294, 295, 296, 297, 298, 299, 300, 301, 302, 303, 304, 305, 306, 307, 308, 309, 310, 311, 312, 313, 314, 315, 316, 317, 318, 319, 320, 321, 322, 323, 324, 325, 326, 327, 328, 329, 330, 331, 332, 333, 334, 335, 336, 337, 338, 339, 340, 341, 342, 343, 344, 345, 346, 347, 348, 349, 350, 351, 352, 353, 354, 355, 356, 357, 358, 359, 360, 361, 362, 363, 364, 365, 366, 367, 368, 369, 370, 371, 372, 373, 374, 375, 376, 377, 378, 379, 380, 381, 382, 383, 384, 385, 386, 387, 388, 389, 390, 391, 392, 393, 394, 395, 396, 397, 398, 399, 400, 401, 402, 403, 404, 405, 406, 407, 408, 409, 410, 411, 412, 413, 414, 415, 416, 417, 418, 419, 420, 421, 422, 423, 424, 425, 426, 427, 428, 429, 430, 431, 432, 433, 434, 435, 436, 437, 438, 439, 440, 441, 442, 443, 444, 445, 446, 447, 448, 449, 450, 451, 452, 453, 454, 455, 456, 457, 458, 459, 460, 461, 462, 463, 464, 465, 466, 467, 468, 469, 470, 471, 472, 473, 474, 475, 476, 477, 478, 479, 480, 481, 482, 483, 484, 485, 486, 487, 488, 489, 490, 491, 492, 493, 494, 495, 496, 497, 498, 499, 500, 501, 502, 503, 504, 505, 506, 507, 508, 509, 510, 511, 512, 513, 514, 515, 516, 517, 518, 519, 520, 521, 522, 523, 524, 525, 526, 527, 528, 529, 530, 531, 532, 533, 534, 535, 536, 537, 538, 539, 540, 541, 542, 543, 544, 545, 546, 547, 548, 549, 550, 551, 552, 553, 554, 555, 556, 557, 558, 559, 560, 561, 562, 563, 564, 565, 566, 567, 568, 569]