total time(second): 251.349387
total time(second): 251.403714
total time(second): 251.430356
total time(second): 251.449567
total time(second): 251.450782
total time(second): 251.468915
total time(second): 251.496013
time: 0.392619 
total time(second): 251.539855
*** Error in `./test': corrupted size vs. prev_size: 0x000000000d7cbf20 ***
======= Backtrace: =========
/usr/lib64/libc.so.6(+0x7f474)[0x2b343f84d474]
/usr/lib64/libc.so.6(+0x816a4)[0x2b343f84f6a4]
/apps/spack/scholar/fall20/apps/intel-mpi/2017.1.132-intel-17.0.1-o4mm4ht/compilers_and_libraries_2017.1.132/linux/mpi/intel64/lib/libmpi.so.12(+0x2e2d54)[0x2b343deb6d54]
/apps/spack/scholar/fall20/apps/intel-mpi/2017.1.132-intel-17.0.1-o4mm4ht/compilers_and_libraries_2017.1.132/linux/mpi/intel64/lib/libmpi.so.12(PMPI_Finalize+0x6ac)[0x2b343de91d0c]
./test[0x401ee6]
/usr/lib64/libc.so.6(__libc_start_main+0xf5)[0x2b343f7f0555]
./test[0x4018a9]
======= Memory map: ========
00400000-0040a000 r-xp 00000000 00:2b 640302048                          /home/tsai177/ECE563/purdue-ece/ECE-56300/project/data/test
0060a000-0060b000 r-xp 0000a000 00:2b 640302048                          /home/tsai177/ECE563/purdue-ece/ECE-56300/project/data/test
0060b000-0060c000 rwxp 0000b000 00:2b 640302048                          /home/tsai177/ECE563/purdue-ece/ECE-56300/project/data/test
0060c000-0c713000 rwxp 00000000 00:00 0 
0d6e2000-0e59b000 rwxp 00000000 00:00 0                                  [heap]
2b343d607000-2b343d629000 r-xp 00000000 00:24 59577                      /usr/lib64/ld-2.17.so
2b343d629000-2b343d683000 rwxp 00000000 00:00 0 
2b343d828000-2b343d829000 r-xp 00021000 00:24 59577                      /usr/lib64/ld-2.17.so
2b343d829000-2b343d82a000 rwxp 00022000 00:24 59577                      /usr/lib64/ld-2.17.so
2b343d82a000-2b343d82b000 rwxp 00000000 00:00 0 
2b343d82b000-2b343d9a9000 r-xp 00000000 00:2a 4116725                    /apps/spack/scholar/fall20/apps/intel-mpi/2017.1.132-intel-17.0.1-o4mm4ht/compilers_and_libraries_2017.1.132/linux/mpi/intel64/lib/libmpifort.so.12.0
2b343d9a9000-2b343dba9000 ---p 0017e000 00:2a 4116725                    /apps/spack/scholar/fall20/apps/intel-mpi/2017.1.132-intel-17.0.1-o4mm4ht/compilers_and_libraries_2017.1.132/linux/mpi/intel64/lib/libmpifort.so.12.0
2b343dba9000-2b343dbb0000 rwxp 0017e000 00:2a 4116725                    /apps/spack/scholar/fall20/apps/intel-mpi/2017.1.132-intel-17.0.1-o4mm4ht/compilers_and_libraries_2017.1.132/linux/mpi/intel64/lib/libmpifort.so.12.0
2b343dbb0000-2b343dbd4000 rwxp 00000000 00:00 0 
2b343dbd4000-2b343e319000 r-xp 00000000 00:2a 4122227                    /apps/spack/scholar/fall20/apps/intel-mpi/2017.1.132-intel-17.0.1-o4mm4ht/compilers_and_libraries_2017.1.132/linux/mpi/intel64/lib/release_mt/libmpi.so.12.0
2b343e319000-2b343e518000 ---p 00745000 00:2a 4122227                    /apps/spack/scholar/fall20/apps/intel-mpi/2017.1.132-intel-17.0.1-o4mm4ht/compilers_and_libraries_2017.1.132/linux/mpi/intel64/lib/release_mt/libmpi.so.12.0
2b343e518000-2b343e554000 rwxp 00744000 00:2a 4122227                    /apps/spack/scholar/fall20/apps/intel-mpi/2017.1.132-intel-17.0.1-o4mm4ht/compilers_and_libraries_2017.1.132/linux/mpi/intel64/lib/release_mt/libmpi.so.12.0
2b343e554000-2b343e8eb000 rwxp 00000000 00:00 0 
2b343e8eb000-2b343e8ed000 r-xp 00000000 00:24 59870                      /usr/lib64/libdl-2.17.so
2b343e8ed000-2b343eaed000 ---p 00002000 00:24 59870                      /usr/lib64/libdl-2.17.so
2b343eaed000-2b343eaee000 r-xp 00002000 00:24 59870                      /usr/lib64/libdl-2.17.so
2b343eaee000-2b343eaef000 rwxp 00003000 00:24 59870                      /usr/lib64/libdl-2.17.so
2b343eaef000-2b343eaf6000 r-xp 00000000 00:24 60093                      /usr/lib64/librt-2.17.so
2b343eaf6000-2b343ecf5000 ---p 00007000 00:24 60093                      /usr/lib64/librt-2.17.so
2b343ecf5000-2b343ecf6000 r-xp 00006000 00:24 60093                      /usr/lib64/librt-2.17.so
2b343ecf6000-2b343ecf7000 rwxp 00007000 00:24 60093                      /usr/lib64/librt-2.17.so
2b343ecf7000-2b343ed0e000 r-xp 00000000 00:24 60075                      /usr/lib64/libpthread-2.17.so
2b343ed0e000-2b343ef0d000 ---p 00017000 00:24 60075                      /usr/lib64/libpthread-2.17.so
2b343ef0d000-2b343ef0e000 r-xp 00016000 00:24 60075                      /usr/lib64/libpthread-2.17.so
2b343ef0e000-2b343ef0f000 rwxp 00017000 00:24 60075                      /usr/lib64/libpthread-2.17.so
2b343ef0f000-2b343ef13000 rwxp 00000000 00:00 0 
2b343ef13000-2b343f014000 r-xp 00000000 00:24 59874                      /usr/lib64/libm-2.17.so
2b343f014000-2b343f213000 ---p 00101000 00:24 59874                      /usr/lib64/libm-2.17.so
2b343f213000-2b343f214000 r-xp 00100000 00:24 59874                      /usr/lib64/libm-2.17.so
2b343f214000-2b343f215000 rwxp 00101000 00:24 59874                      /usr/lib64/libm-2.17.so
2b343f215000-2b343f37e000 r-xp 00000000 00:2a 4596335                    /apps/spack/scholar/fall20/apps/intel-parallel-studio/cluster.2017.1-intel-17.0.1-2off4ih/compilers_and_libraries_2017.1.132/linux/compiler/lib/intel64_lin/libiomp5.so
2b343f37e000-2b343f57e000 ---p 00169000 00:2a 4596335                    /apps/spack/scholar/fall20/apps/intel-parallel-studio/cluster.2017.1-intel-17.0.1-2off4ih/compilers_and_libraries_2017.1.132/linux/compiler/lib/intel64_lin/libiomp5.so
2b343f57e000-2b343f589000 rwxp 00169000 00:2a 4596335                    /apps/spack/scholar/fall20/apps/intel-parallel-studio/cluster.2017.1-intel-17.0.1-2off4ih/compilers_and_libraries_2017.1.132/linux/compiler/lib/intel64_lin/libiomp5.so
2b343f589000-2b343f5b8000 rwxp 00000000 00:00 0 
2b343f5b8000-2b343f5cd000 r-xp 00000000 00:24 59556                      /usr/lib64/libgcc_s-4.8.5-20150702.so.1
2b343f5cd000-2b343f7cc000 ---p 00015000 00:24 59556                      /usr/lib64/libgcc_s-4.8.5-20150702.so.1
2b343f7cc000-2b343f7cd000 r-xp 00014000 00:24 59556                      /usr/lib64/libgcc_s-4.8.5-20150702.so.1
2b343f7cd000-2b343f7ce000 rwxp 00015000 00:24 59556                      /usr/lib64/libgcc_s-4.8.5-20150702.so.1
2b343f7ce000-2b343f992000 r-xp 00000000 00:24 59858                      /usr/lib64/libc-2.17.so
2b343f992000-2b343fb91000 ---p 001c4000 00:24 59858                      /usr/lib64/libc-2.17.so
2b343fb91000-2b343fb95000 r-xp 001c3000 00:24 59858                      /usr/lib64/libc-2.17.so
2b343fb95000-2b343fb97000 rwxp 001c7000 00:24 59858                      /usr/lib64/libc-2.17.so
2b343fb97000-2b343fd9c000 rwxp 00000000 00:00 0 
2b343fd9c000-2b343fd9d000 ---p 00000000 00:00 0 
2b343fd9d000-2b344019e000 rwxp 00000000 00:00 0 
2b344019e000-2b344019f000 ---p 00000000 00:00 0 
2b344019f000-2b34405a0000 rwxp 00000000 00:00 0 
2b34405a0000-2b34405a1000 ---p 00000000 00:00 0 
2b34405a1000-2b34409a2000 rwxp 00000000 00:00 0 
2b34409a2000-2b34409a3000 ---p 00000000 00:00 0 
2b34409a3000-2b3440da4000 rwxp 00000000 00:00 0 
2b3440da4000-2b3440da5000 ---p 00000000 00:00 0 
2b3440da5000-2b34411a6000 rwxp 00000000 00:00 0 
2b34411a6000-2b34411a7000 ---p 00000000 00:00 0 
2b34411a7000-2b34415a8000 rwxp 00000000 00:00 0 
2b34415a8000-2b34415a9000 ---p 00000000 00:00 0 
2b34415a9000-2b34419aa000 rwxp 00000000 00:00 0 
2b34419aa000-2b34419b4000 r-xp 00000000 00:24 64899                      /usr/lib64/libnuma.so.1.0.0
2b34419b4000-2b3441bb4000 ---p 0000a000 00:24 64899                      /usr/lib64/libnuma.so.1.0.0
2b3441bb4000-2b3441bb5000 r-xp 0000a000 00:24 64899                      /usr/lib64/libnuma.so.1.0.0
2b3441bb5000-2b3441bb6000 rwxp 0000b000 00:24 64899                      /usr/lib64/libnuma.so.1.0.0
2b3441bb6000-2b3441bce000 r-xp 00000000 00:24 65273                      /usr/lib64/libibverbs.so.1.0.0
2b3441bce000-2b3441dcd000 ---p 00018000 00:24 65273                      /usr/lib64/libibverbs.so.1.0.0
2b3441dcd000-2b3441dce000 r-xp 00017000 00:24 65273                      /usr/lib64/libibverbs.so.1.0.0
2b3441dce000-2b3441dcf000 rwxp 00018000 00:24 65273                      /usr/lib64/libibverbs.so.1.0.0
2b3441dcf000-2b3441e33000 r-xp 00000000 00:24 61017                      /usr/lib64/libnl-route-3.so.200.23.0
2b3441e33000-2b3442032000 ---p 00064000 00:24 61017                      /usr/lib64/libnl-route-3.so.200.23.0
2b3442032000-2b3442035000 r-xp 00063000 00:24 61017                      /usr/lib64/libnl-route-3.so.200.23.0
2b3442035000-2b344203a000 rwxp 00066000 00:24 61017                      /usr/lib64/libnl-route-3.so.200.23.0
2b344203a000-2b344203c000 rwxp 00000000 00:00 0 
2b344203c000-2b344205a000 r-xp 00000000 00:24 60999                      /usr/lib64/libnl-3.so.200.23.0
2b344205a000-2b344225a000 ---p 0001e000 00:24 60999                      /usr/lib64/libnl-3.so.200.23.0
2b344225a000-2b344225c000 r-xp 0001e000 00:24 60999                      /usr/lib64/libnl-3.so.200.23.0
2b344225c000-2b344225d000 rwxp 00020000 00:24 60999                      /usr/lib64/libnl-3.so.200.23.0
2b344225d000-2b344227f000 r-xp 00000000 00:24 65277                      /usr/lib64/libmlx4-rdmav2.so
2b344227f000-2b344247f000 ---p 00022000 00:24 65277                      /usr/lib64/libmlx4-rdmav2.so
2b344247f000-2b3442480000 r-xp 00022000 00:24 65277                      /usr/lib64/libmlx4-rdmav2.so
2b3442480000-2b3442482000 rwxp 00023000 00:24 65277                      /usr/lib64/libmlx4-rdmav2.so
2b3442482000-2b34424db000 r-xp 00000000 00:24 65281                      /usr/lib64/libmlx5.so.1.0.0
2b34424db000-2b34426da000 ---p 00059000 00:24 65281                      /usr/lib64/libmlx5.so.1.0.0
2b34426da000-2b34426db000 r-xp 00058000 00:24 65281                      /usr/lib64/libmlx5.so.1.0.0
2b34426db000-2b34426dd000 rwxp 00059000 00:24 65281                      /usr/lib64/libmlx5.so.1.0.0
2b344276d000-2b344276e000 ---p 00000000 00:00 0 
2b344276e000-2b344296e000 rwxp 00000000 00:00 0 
2b34429b1000-2b34429d2000 rwxp 00000000 00:00 0 
2b3443400000-2b3443a02000 rwxp 00000000 00:00 0 
2b3444000000-2b3444021000 rwxp 00000000 00:00 0 
2b3444021000-2b3448000000 ---p 00000000 00:00 0 
2b3448000000-2b3448021000 rwxp 00000000 00:00 0 
2b3448021000-2b344c000000 ---p 00000000 00:00 0 
2b344c000000-2b344c021000 rwxp 00000000 00:00 0 
2b344c021000-2b3450000000 ---p 00000000 00:00 0 
2b3450000000-2b3450021000 rwxp 00000000 00:00 0 
2b3450021000-2b3454000000 ---p 00000000 00:00 0 
2b3454000000-2b3454021000 rwxp 00000000 00:00 0 
2b3454021000-2b3458000000 ---p 00000000 00:00 0 
2b3458000000-2b3458021000 rwxp 00000000 00:00 0 
2b3458021000-2b345c000000 ---p 00000000 00:00 0 
2b345c000000-2b345c021000 rwxp 00000000 00:00 0 
2b345c021000-2b3460000000 ---p 00000000 00:00 0 
2b3468000000-2b3468021000 rwxp 00000000 00:00 0 
2b3468021000-2b346c000000 ---p 00000000 00:00 0 
7ffe1bc43000-7ffe1f1bb000 rwxp 00000000 00:00 0                          [stack]
7ffe1f1f4000-7ffe1f1f6000 r-xp 00000000 00:00 0                          [vdso]
ffffffffff600000-ffffffffff601000 r-xp 00000000 00:00 0                  [vsyscall]

===================================================================================
=   BAD TERMINATION OF ONE OF YOUR APPLICATION PROCESSES
=   PID 37707 RUNNING AT scholar-a019
=   EXIT CODE: 6
=   CLEANING UP REMAINING PROCESSES
=   YOU CAN IGNORE THE BELOW CLEANUP MESSAGES
===================================================================================

===================================================================================
=   BAD TERMINATION OF ONE OF YOUR APPLICATION PROCESSES
=   PID 37707 RUNNING AT scholar-a019
=   EXIT CODE: 6
=   CLEANING UP REMAINING PROCESSES
=   YOU CAN IGNORE THE BELOW CLEANUP MESSAGES
===================================================================================
   Intel(R) MPI Library troubleshooting guide:
      https://software.intel.com/node/561764
===================================================================================
