
[ 2022-12-14 18:08:47 ]      Running serial version: src/serial.cpp
[ 2022-12-14 18:08:47 ]      [   Init  ]    |    Queue & Lock  (#threads: 8)
[ 2022-12-14 18:08:47 ]      [  Parse  ]    |    Put: reader -> mapper
[ 2022-12-14 18:08:47 ]      Parse: ./data/1.txt
[ 2022-12-14 18:08:47 ]      Parse: ./data/2.txt
[ 2022-12-14 18:08:47 ]      Parse: ./data/3.txt
[ 2022-12-14 18:08:47 ]      Parse: ./data/4.txt
[ 2022-12-14 18:08:47 ]      Parse: ./data/5.txt
[ 2022-12-14 18:08:48 ]      Parse: ./data/6.txt
[ 2022-12-14 18:08:48 ]      Parse: ./data/7.txt
[ 2022-12-14 18:08:48 ]      Parse: ./data/8.txt
[ 2022-12-14 18:08:48 ]      Parse: ./data/9.txt
[ 2022-12-14 18:08:48 ]      Parse: ./data/10.txt
[ 2022-12-14 18:08:48 ]      Parse: ./data/11.txt
[ 2022-12-14 18:08:48 ]      Parse: ./data/12.txt
[ 2022-12-14 18:08:48 ]      Parse: ./data/13.txt
[ 2022-12-14 18:08:48 ]      Parse: ./data/14.txt
[ 2022-12-14 18:08:48 ]      Parse: ./data/15.txt
[ 2022-12-14 18:08:48 ]      [ Combine ]    |    Put: mapper -> reducer
[ 2022-12-14 18:08:49 ]      [  Count  ]    |    Get: reducer
                                   (total @ Final)  |     2297140
[ 2022-12-14 18:08:50 ]      Init (Serial)      : 0.003840
[ 2022-12-14 18:08:50 ]      MapReduce (Serial) : 3.219593
[ 2022-12-14 18:08:50 ]      Done (Serial)      : 3.233841
